Log file open, 04/01/24 16:16:45
LogWindows: Failed to load 'aqProf.dll' (GetLastError=126)
LogWindows: File 'aqProf.dll' does not exist
LogWindows: Failed to load 'VtuneApi.dll' (GetLastError=126)
LogWindows: File 'VtuneApi.dll' does not exist
LogWindows: Failed to load 'VtuneApi32e.dll' (GetLastError=126)
LogWindows: File 'VtuneApi32e.dll' does not exist
LogConsoleResponse: Display: Failed to find resolution value strings in scalability ini. Falling back to default.
LogConsoleResponse: Display: Failed to find resolution value strings in scalability ini. Falling back to default.
LogInit: Display: Running engine for game: Tower_Assault
LogPlatformFile: Not using cached read wrapper
LogTaskGraph: Started task graph with 5 named threads and 35 total threads with 3 sets of task threads.
LogStats: Stats thread started at 0.214168
LogICUInternationalization: ICU TimeZone Detection - Raw Offset: -3:00, Platform Override: ''
LogInit: Display: Loading text-based GConfig....
LogPluginManager: Mounting plugin MeshPainting
LogPluginManager: Mounting plugin XGEController
LogPluginManager: Mounting plugin Paper2D
LogPluginManager: Mounting plugin LiveLink
LogPluginManager: Mounting plugin AISupport
LogPluginManager: Mounting plugin EnvironmentQueryEditor
LogPluginManager: Mounting plugin LightPropagationVolume
LogPluginManager: Mounting plugin GameplayCameras
LogPluginManager: Mounting plugin OodleData
LogPluginManager: Mounting plugin OodleNetwork
LogPluginManager: Mounting plugin CameraShakePreviewer
LogPluginManager: Mounting plugin DatasmithContent
LogPluginManager: Mounting plugin VariantManagerContent
LogPluginManager: Mounting plugin AssetManagerEditor
LogPluginManager: Mounting plugin CryptoKeys
LogPluginManager: Mounting plugin DataValidation
LogPluginManager: Mounting plugin CurveEditorTools
LogPluginManager: Mounting plugin GameplayTagsEditor
LogPluginManager: Mounting plugin GeometryMode
LogPluginManager: Mounting plugin FacialAnimation
LogPluginManager: Mounting plugin MacGraphicsSwitching
LogPluginManager: Mounting plugin MaterialAnalyzer
LogPluginManager: Mounting plugin MobileLauncherProfileWizard
LogPluginManager: Mounting plugin PluginBrowser
LogPluginManager: Mounting plugin SpeedTreeImporter
LogPluginManager: Mounting plugin Niagara
LogPluginManager: Mounting plugin LuminPlatformFeatures
LogPluginManager: Mounting plugin MagicLeap
LogPluginManager: Mounting plugin MagicLeapLightEstimation
LogPluginManager: Mounting plugin MagicLeapMedia
LogPluginManager: Mounting plugin MagicLeapPassableWorld
LogPluginManager: Mounting plugin MLSDK
LogPluginManager: Mounting plugin AlembicImporter
LogPluginManager: Mounting plugin AutomationUtils
LogPluginManager: Mounting plugin BackChannel
LogPluginManager: Mounting plugin ChaosCloth
LogPluginManager: Mounting plugin AndroidMedia
LogPluginManager: Mounting plugin ChaosClothEditor
LogPluginManager: Mounting plugin ChaosEditor
LogPluginManager: Mounting plugin ChaosNiagara
LogPluginManager: Mounting plugin ChaosSolverPlugin
LogPluginManager: Mounting plugin AvfMedia
LogPluginManager: Mounting plugin CharacterAI
LogPluginManager: Mounting plugin ImgMedia
LogPluginManager: Mounting plugin GeometryCache
LogPluginManager: Mounting plugin MediaCompositing
LogPluginManager: Mounting plugin GeometryCollectionPlugin
LogPluginManager: Mounting plugin MediaPlayerEditor
LogPluginManager: Mounting plugin WebMMedia
LogPluginManager: Mounting plugin WmfMedia
LogPluginManager: Mounting plugin GeometryProcessing
LogPluginManager: Mounting plugin MotoSynth
LogPluginManager: Mounting plugin OpenImageDenoise
LogPluginManager: Mounting plugin PlanarCut
LogPluginManager: Mounting plugin PlatformCrypto
LogPluginManager: Mounting plugin ProxyLODPlugin
LogPluginManager: Mounting plugin PythonScriptPlugin
LogPluginManager: Mounting plugin SkeletalReduction
LogPluginManager: Mounting plugin ActorSequence
LogPluginManager: Mounting plugin TcpMessaging
LogPluginManager: Mounting plugin MatineeToLevelSequence
LogPluginManager: Mounting plugin LevelSequenceEditor
LogPluginManager: Mounting plugin UdpMessaging
LogPluginManager: Mounting plugin TemplateSequence
LogPluginManager: Mounting plugin OnlineSubsystem
LogPluginManager: Mounting plugin OnlineSubsystemNull
LogPluginManager: Mounting plugin OnlineSubsystemUtils
LogPluginManager: Mounting plugin LauncherChunkInstaller
LogPluginManager: Mounting plugin ActorLayerUtilities
LogPluginManager: Mounting plugin AndroidPermission
LogPluginManager: Mounting plugin AndroidDeviceProfileSelector
LogPluginManager: Mounting plugin AndroidMoviePlayer
LogPluginManager: Mounting plugin AppleImageUtils
LogPluginManager: Mounting plugin AppleMoviePlayer
LogPluginManager: Mounting plugin ArchVisCharacter
LogPluginManager: Mounting plugin AssetTags
LogPluginManager: Mounting plugin AudioCapture
LogPluginManager: Mounting plugin ChunkDownloader
LogPluginManager: Mounting plugin CableComponent
LogPluginManager: Mounting plugin AudioSynesthesia
LogPluginManager: Mounting plugin CustomMeshComponent
LogPluginManager: Mounting plugin EditableMesh
LogPluginManager: Mounting plugin ExampleDeviceProfileSelector
LogPluginManager: Mounting plugin GoogleCloudMessaging
LogPluginManager: Mounting plugin GooglePAD
LogPluginManager: Mounting plugin ScreenshotTools
LogPluginManager: Mounting plugin Takes
LogPluginManager: Mounting plugin IOSDeviceProfileSelector
LogPluginManager: Mounting plugin LinuxDeviceProfileSelector
LogPluginManager: Mounting plugin LocationServicesBPLibrary
LogPluginManager: Mounting plugin MobilePatchingUtils
LogPluginManager: Mounting plugin OpenXREyeTracker
LogPluginManager: Mounting plugin OpenXR
LogPluginManager: Mounting plugin OpenXRHandTracking
LogPluginManager: Mounting plugin PostSplashScreen
LogPluginManager: Mounting plugin PhysXVehicles
LogPluginManager: Mounting plugin ProceduralMeshComponent
LogPluginManager: Mounting plugin PropertyAccessEditor
LogPluginManager: Mounting plugin RuntimePhysXCooking
LogPluginManager: Mounting plugin SignificanceManager
LogPluginManager: Mounting plugin SoundFields
LogPluginManager: Mounting plugin Synthesis
LogPluginManager: Mounting plugin WebMMoviePlayer
LogPluginManager: Mounting plugin WindowsMoviePlayer
LogPluginManager: Mounting plugin AnimationSharing
LogPluginManager: Mounting plugin CLionSourceCodeAccess
LogPluginManager: Mounting plugin GitSourceControl
LogPluginManager: Mounting plugin CodeLiteSourceCodeAccess
LogPluginManager: Mounting plugin KDevelopSourceCodeAccess
LogPluginManager: Mounting plugin NullSourceCodeAccess
LogPluginManager: Mounting plugin PerforceSourceControl
LogPluginManager: Mounting plugin PixWinPlugin
LogPluginManager: Mounting plugin RiderSourceCodeAccess
LogPluginManager: Mounting plugin SubversionSourceControl
LogPluginManager: Mounting plugin PluginUtils
LogPluginManager: Mounting plugin TextureFormatOodle
LogPluginManager: Mounting plugin PropertyAccessNode
LogPluginManager: Mounting plugin UObjectPlugin
LogPluginManager: Mounting plugin PlasticSourceControl
LogPluginManager: Mounting plugin VisualStudioCodeSourceCodeAccess
LogPluginManager: Mounting plugin VisualStudioSourceCodeAccess
LogPluginManager: Mounting plugin XCodeSourceCodeAccess
LogPluginManager: Mounting plugin ContentBrowserFileDataSource
LogPluginManager: Mounting plugin ContentBrowserAssetDataSource
LogPluginManager: Mounting plugin ContentBrowserClassDataSource
LogPluginManager: Mounting plugin OnlineSubsystemGooglePlay
LogPluginManager: Mounting plugin OnlineSubsystemIOS
LogPluginManager: Mounting plugin OculusVR
LogPluginManager: Mounting plugin SteamVR
LogInit: Using libcurl 7.55.1-DEV
LogInit:  - built for x86_64-pc-win32
LogInit:  - supports SSL with OpenSSL/1.1.1
LogInit:  - supports HTTP deflate (compression) using libz 1.2.8
LogInit:  - other features:
LogInit:      CURL_VERSION_SSL
LogInit:      CURL_VERSION_LIBZ
LogInit:      CURL_VERSION_IPV6
LogInit:      CURL_VERSION_ASYNCHDNS
LogInit:      CURL_VERSION_LARGEFILE
LogInit:      CURL_VERSION_IDN
LogInit:  CurlRequestOptions (configurable via config and command line):
LogInit:  - bVerifyPeer = true  - Libcurl will verify peer certificate
LogInit:  - bUseHttpProxy = false  - Libcurl will NOT use HTTP proxy
LogInit:  - bDontReuseConnections = false  - Libcurl will reuse connections
LogInit:  - MaxHostConnections = 16  - Libcurl will limit the number of connections to a host
LogInit:  - LocalHostAddr = Default
LogInit:  - BufferSize = 65536
LogOnline: OSS: Creating online subsystem instance for: NULL
LogInit: WinSock: version 1.1 (2.2), MaxSocks=32767, MaxUdp=65467
LogOnline: OSS: TryLoadSubsystemAndSetDefault: Loaded subsystem for module [NULL]
PixWinPlugin: PIX capture plugin failed to initialize! Check that the process is launched from PIX.
LogOculusPluginWrapper: OculusPlugin initialized successfully
LogHMD: Failed initializing OVRPlugin 1.59.0
LogInit: Build: ++UE4+Release-4.27-CL-18319896
LogInit: Engine Version: 4.27.2-18319896+++UE4+Release-4.27
LogInit: Compatible Engine Version: 4.27.0-17155196+++UE4+Release-4.27
LogInit: Net CL: 17155196
LogInit: OS: Windows 10 (Release 2009) (), CPU: AMD Ryzen 5 5600 6-Core Processor              , GPU: NVIDIA GeForce RTX 3060
LogInit: Compiled (64-bit): Nov 30 2021 07:12:08
LogInit: Compiled with Visual C++: 19.24.28315.00
LogInit: Build Configuration: Development
LogInit: Branch Name: ++UE4+Release-4.27
LogInit: Command Line:  -AUTH_LOGIN=unused -AUTH_PASSWORD=1f4ed4053113424389ea18608bb55b6c -AUTH_TYPE=exchangecode -epicapp=UE_4.27 -epicenv=Prod -EpicPortal -epicusername=Ifritdo -epicuserid=4e0c3a0dbda94a83a8ce4af039c0349e -epiclocale=es-MX -epicsandboxid=ue
LogInit: Base Directory: F:/Unreal/UE_4.27/Engine/Binaries/Win64/
LogInit: Allocator: TBB
LogInit: Installed Engine Build: 1
LogDevObjectVersion: Number of dev versions registered: 29
LogDevObjectVersion:   Dev-Blueprints (B0D832E4-1F89-4F0D-ACCF-7EB736FD4AA2): 10
LogDevObjectVersion:   Dev-Build (E1C64328-A22C-4D53-A36C-8E866417BD8C): 0
LogDevObjectVersion:   Dev-Core (375EC13C-06E4-48FB-B500-84F0262A717E): 4
LogDevObjectVersion:   Dev-Editor (E4B068ED-F494-42E9-A231-DA0B2E46BB41): 40
LogDevObjectVersion:   Dev-Framework (CFFC743F-43B0-4480-9391-14DF171D2073): 37
LogDevObjectVersion:   Dev-Mobile (B02B49B5-BB20-44E9-A304-32B752E40360): 3
LogDevObjectVersion:   Dev-Networking (A4E4105C-59A1-49B5-A7C5-40C4547EDFEE): 0
LogDevObjectVersion:   Dev-Online (39C831C9-5AE6-47DC-9A44-9C173E1C8E7C): 0
LogDevObjectVersion:   Dev-Physics (78F01B33-EBEA-4F98-B9B4-84EACCB95AA2): 14
LogDevObjectVersion:   Dev-Platform (6631380F-2D4D-43E0-8009-CF276956A95A): 0
LogDevObjectVersion:   Dev-Rendering (12F88B9F-8875-4AFC-A67C-D90C383ABD29): 45
LogDevObjectVersion:   Dev-Sequencer (7B5AE74C-D270-4C10-A958-57980B212A5A): 13
LogDevObjectVersion:   Dev-VR (D7296918-1DD6-4BDD-9DE2-64A83CC13884): 3
LogDevObjectVersion:   Dev-LoadTimes (C2A15278-BFE7-4AFE-6C17-90FF531DF755): 1
LogDevObjectVersion:   Private-Geometry (6EACA3D4-40EC-4CC1-B786-8BED09428FC5): 3
LogDevObjectVersion:   Dev-AnimPhys (29E575DD-E0A3-4627-9D10-D276232CDCEA): 17
LogDevObjectVersion:   Dev-Anim (AF43A65D-7FD3-4947-9873-3E8ED9C1BB05): 15
LogDevObjectVersion:   Dev-ReflectionCapture (6B266CEC-1EC7-4B8F-A30B-E4D90942FC07): 1
LogDevObjectVersion:   Dev-Automation (0DF73D61-A23F-47EA-B727-89E90C41499A): 1
LogDevObjectVersion:   FortniteMain (601D1886-AC64-4F84-AA16-D3DE0DEAC7D6): 47
LogDevObjectVersion:   FortniteRelease (E7086368-6B23-4C58-8439-1B7016265E91): 1
LogDevObjectVersion:   Dev-Enterprise (9DFFBCD6-494F-0158-E221-12823C92A888): 10
LogDevObjectVersion:   Dev-Niagara (F2AED0AC-9AFE-416F-8664-AA7FFA26D6FC): 1
LogDevObjectVersion:   Dev-Destruction (174F1F0B-B4C6-45A5-B13F-2EE8D0FB917D): 10
LogDevObjectVersion:   Dev-Physics-Ext (35F94A83-E258-406C-A318-09F59610247C): 41
LogDevObjectVersion:   Dev-PhysicsMaterial-Chaos (B68FC16E-8B1B-42E2-B453-215C058844FE): 1
LogDevObjectVersion:   Dev-CineCamera (B2E18506-4273-CFC2-A54E-F4BB758BBA07): 1
LogDevObjectVersion:   Dev-VirtualProduction (64F58936-FD1B-42BA-BA96-7289D5D0FA4E): 1
LogDevObjectVersion:   Dev-MediaFramework (6F0ED827-A609-4895-9C91-998D90180EA4): 2
LogInit: Presizing for max 25165824 objects, including 0 objects not considered by GC, pre-allocating 0 bytes for permanent pool.
LogConfig: Applying CVar settings from Section [/Script/Engine.StreamingSettings] File [F:/Unreal/Proyecto/Tower-Assault/Tower_Assault/Saved/Config/Windows/Engine.ini]
LogConfig: Setting CVar [[s.MinBulkDataSizeForAsyncLoading:131072]]
LogConfig: Setting CVar [[s.AsyncLoadingThreadEnabled:0]]
LogConfig: Setting CVar [[s.EventDrivenLoaderEnabled:1]]
LogConfig: Setting CVar [[s.WarnIfTimeLimitExceeded:0]]
LogConfig: Setting CVar [[s.TimeLimitExceededMultiplier:1.5]]
LogConfig: Setting CVar [[s.TimeLimitExceededMinTime:0.005]]
LogConfig: Setting CVar [[s.UseBackgroundLevelStreaming:1]]
LogConfig: Setting CVar [[s.PriorityAsyncLoadingExtraTime:15.0]]
LogConfig: Setting CVar [[s.LevelStreamingActorsUpdateTimeLimit:5.0]]
LogConfig: Setting CVar [[s.PriorityLevelStreamingActorsUpdateExtraTime:5.0]]
LogConfig: Setting CVar [[s.LevelStreamingComponentsRegistrationGranularity:10]]
LogConfig: Setting CVar [[s.UnregisterComponentsTimeLimit:1.0]]
LogConfig: Setting CVar [[s.LevelStreamingComponentsUnregistrationGranularity:5]]
LogConfig: Setting CVar [[s.FlushStreamingOnExit:1]]
LogInit: Object subsystem initialized
LogConfig: Setting CVar [[con.DebugEarlyDefault:1]]
LogConfig: Setting CVar [[r.setres:1280x720]]
[2024.04.01-19.16.45:903][  0]LogConfig: Setting CVar [[r.VSync:0]]
[2024.04.01-19.16.45:903][  0]LogConfig: Setting CVar [[r.RHICmdBypass:0]]
[2024.04.01-19.16.45:903][  0]LogConfig: Applying CVar settings from Section [/Script/Engine.RendererSettings] File [F:/Unreal/Proyecto/Tower-Assault/Tower_Assault/Saved/Config/Windows/Engine.ini]
[2024.04.01-19.16.45:903][  0]LogConfig: Setting CVar [[r.GPUCrashDebugging:0]]
[2024.04.01-19.16.45:903][  0]LogConfig: Applying CVar settings from Section [/Script/Engine.RendererOverrideSettings] File [F:/Unreal/Proyecto/Tower-Assault/Tower_Assault/Saved/Config/Windows/Engine.ini]
[2024.04.01-19.16.45:903][  0]LogConfig: Applying CVar settings from Section [/Script/Engine.StreamingSettings] File [F:/Unreal/Proyecto/Tower-Assault/Tower_Assault/Saved/Config/Windows/Engine.ini]
[2024.04.01-19.16.45:903][  0]LogConfig: Setting CVar [[s.MinBulkDataSizeForAsyncLoading:131072]]
[2024.04.01-19.16.45:903][  0]LogConfig: Setting CVar [[s.AsyncLoadingThreadEnabled:0]]
[2024.04.01-19.16.45:903][  0]LogConfig: Setting CVar [[s.EventDrivenLoaderEnabled:1]]
[2024.04.01-19.16.45:903][  0]LogConfig: Setting CVar [[s.WarnIfTimeLimitExceeded:0]]
[2024.04.01-19.16.45:903][  0]LogConfig: Setting CVar [[s.TimeLimitExceededMultiplier:1.5]]
[2024.04.01-19.16.45:903][  0]LogConfig: Setting CVar [[s.TimeLimitExceededMinTime:0.005]]
[2024.04.01-19.16.45:903][  0]LogConfig: Setting CVar [[s.UseBackgroundLevelStreaming:1]]
[2024.04.01-19.16.45:903][  0]LogConfig: Setting CVar [[s.PriorityAsyncLoadingExtraTime:15.0]]
[2024.04.01-19.16.45:903][  0]LogConfig: Setting CVar [[s.LevelStreamingActorsUpdateTimeLimit:5.0]]
[2024.04.01-19.16.45:903][  0]LogConfig: Setting CVar [[s.PriorityLevelStreamingActorsUpdateExtraTime:5.0]]
[2024.04.01-19.16.45:903][  0]LogConfig: Setting CVar [[s.LevelStreamingComponentsRegistrationGranularity:10]]
[2024.04.01-19.16.45:903][  0]LogConfig: Setting CVar [[s.UnregisterComponentsTimeLimit:1.0]]
[2024.04.01-19.16.45:903][  0]LogConfig: Setting CVar [[s.LevelStreamingComponentsUnregistrationGranularity:5]]
[2024.04.01-19.16.45:903][  0]LogConfig: Setting CVar [[s.FlushStreamingOnExit:1]]
[2024.04.01-19.16.45:903][  0]LogConfig: Applying CVar settings from Section [/Script/Engine.GarbageCollectionSettings] File [F:/Unreal/Proyecto/Tower-Assault/Tower_Assault/Saved/Config/Windows/Engine.ini]
[2024.04.01-19.16.45:903][  0]LogConfig: Setting CVar [[gc.MaxObjectsNotConsideredByGC:1]]
[2024.04.01-19.16.45:903][  0]LogConfig: Setting CVar [[gc.SizeOfPermanentObjectPool:0]]
[2024.04.01-19.16.45:903][  0]LogConfig: Setting CVar [[gc.FlushStreamingOnGC:0]]
[2024.04.01-19.16.45:903][  0]LogConfig: Setting CVar [[gc.NumRetriesBeforeForcingGC:10]]
[2024.04.01-19.16.45:903][  0]LogConfig: Setting CVar [[gc.AllowParallelGC:1]]
[2024.04.01-19.16.45:903][  0]LogConfig: Setting CVar [[gc.TimeBetweenPurgingPendingKillObjects:61.1]]
[2024.04.01-19.16.45:903][  0]LogConfig: Setting CVar [[gc.MaxObjectsInEditor:25165824]]
[2024.04.01-19.16.45:903][  0]LogConfig: Setting CVar [[gc.IncrementalBeginDestroyEnabled:1]]
[2024.04.01-19.16.45:903][  0]LogConfig: Setting CVar [[gc.CreateGCClusters:1]]
[2024.04.01-19.16.45:903][  0]LogConfig: Setting CVar [[gc.MinGCClusterSize:5]]
[2024.04.01-19.16.45:903][  0]LogConfig: Setting CVar [[gc.ActorClusteringEnabled:0]]
[2024.04.01-19.16.45:903][  0]LogConfig: Setting CVar [[gc.BlueprintClusteringEnabled:0]]
[2024.04.01-19.16.45:903][  0]LogConfig: Setting CVar [[gc.UseDisregardForGCOnDedicatedServers:0]]
[2024.04.01-19.16.45:903][  0]LogConfig: Setting CVar [[gc.MultithreadedDestructionEnabled:1]]
[2024.04.01-19.16.45:903][  0]LogConfig: Applying CVar settings from Section [/Script/Engine.NetworkSettings] File [F:/Unreal/Proyecto/Tower-Assault/Tower_Assault/Saved/Config/Windows/Engine.ini]
[2024.04.01-19.16.45:903][  0]LogConfig: Applying CVar settings from Section [/Script/UnrealEd.CookerSettings] File [F:/Unreal/Proyecto/Tower-Assault/Tower_Assault/Saved/Config/Windows/Engine.ini]
[2024.04.01-19.16.45:907][  0]LogConfig: Applying CVar settings from Section [ViewDistanceQuality@3] File [F:/Unreal/Proyecto/Tower-Assault/Tower_Assault/Saved/Config/Windows/Scalability.ini]
[2024.04.01-19.16.45:907][  0]LogConfig: Setting CVar [[r.SkeletalMeshLODBias:0]]
[2024.04.01-19.16.45:907][  0]LogConfig: Setting CVar [[r.ViewDistanceScale:1.0]]
[2024.04.01-19.16.45:907][  0]LogConfig: Applying CVar settings from Section [AntiAliasingQuality@3] File [F:/Unreal/Proyecto/Tower-Assault/Tower_Assault/Saved/Config/Windows/Scalability.ini]
[2024.04.01-19.16.45:907][  0]LogConfig: Setting CVar [[r.PostProcessAAQuality:4]]
[2024.04.01-19.16.45:907][  0]LogConfig: Applying CVar settings from Section [ShadowQuality@3] File [F:/Unreal/Proyecto/Tower-Assault/Tower_Assault/Saved/Config/Windows/Scalability.ini]
[2024.04.01-19.16.45:907][  0]LogConfig: Setting CVar [[r.LightFunctionQuality:1]]
[2024.04.01-19.16.45:907][  0]LogConfig: Setting CVar [[r.ShadowQuality:5]]
[2024.04.01-19.16.45:907][  0]LogConfig: Setting CVar [[r.Shadow.CSM.MaxCascades:10]]
[2024.04.01-19.16.45:907][  0]LogConfig: Setting CVar [[r.Shadow.MaxResolution:2048]]
[2024.04.01-19.16.45:907][  0]LogConfig: Setting CVar [[r.Shadow.MaxCSMResolution:2048]]
[2024.04.01-19.16.45:907][  0]LogConfig: Setting CVar [[r.Shadow.RadiusThreshold:0.01]]
[2024.04.01-19.16.45:907][  0]LogConfig: Setting CVar [[r.Shadow.DistanceScale:1.0]]
[2024.04.01-19.16.45:907][  0]LogConfig: Setting CVar [[r.Shadow.CSM.TransitionScale:1.0]]
[2024.04.01-19.16.45:907][  0]LogConfig: Setting CVar [[r.Shadow.PreShadowResolutionFactor:1.0]]
[2024.04.01-19.16.45:907][  0]LogConfig: Setting CVar [[r.DistanceFieldShadowing:1]]
[2024.04.01-19.16.45:907][  0]LogConfig: Setting CVar [[r.DistanceFieldAO:1]]
[2024.04.01-19.16.45:907][  0]LogConfig: Setting CVar [[r.AOQuality:2]]
[2024.04.01-19.16.45:907][  0]LogConfig: Setting CVar [[r.VolumetricFog:1]]
[2024.04.01-19.16.45:907][  0]LogConfig: Setting CVar [[r.VolumetricFog.GridPixelSize:8]]
[2024.04.01-19.16.45:907][  0]LogConfig: Setting CVar [[r.VolumetricFog.GridSizeZ:128]]
[2024.04.01-19.16.45:907][  0]LogConfig: Setting CVar [[r.VolumetricFog.HistoryMissSupersampleCount:4]]
[2024.04.01-19.16.45:907][  0]LogConfig: Setting CVar [[r.LightMaxDrawDistanceScale:1]]
[2024.04.01-19.16.45:907][  0]LogConfig: Setting CVar [[r.CapsuleShadows:1]]
[2024.04.01-19.16.45:907][  0]LogConfig: Applying CVar settings from Section [PostProcessQuality@3] File [F:/Unreal/Proyecto/Tower-Assault/Tower_Assault/Saved/Config/Windows/Scalability.ini]
[2024.04.01-19.16.45:907][  0]LogConfig: Setting CVar [[r.MotionBlurQuality:4]]
[2024.04.01-19.16.45:907][  0]LogConfig: Setting CVar [[r.AmbientOcclusionMipLevelFactor:0.4]]
[2024.04.01-19.16.45:907][  0]LogConfig: Setting CVar [[r.AmbientOcclusionMaxQuality:100]]
[2024.04.01-19.16.45:907][  0]LogConfig: Setting CVar [[r.AmbientOcclusionLevels:-1]]
[2024.04.01-19.16.45:907][  0]LogConfig: Setting CVar [[r.AmbientOcclusionRadiusScale:1.0]]
[2024.04.01-19.16.45:907][  0]LogConfig: Setting CVar [[r.DepthOfFieldQuality:2]]
[2024.04.01-19.16.45:907][  0]LogConfig: Setting CVar [[r.RenderTargetPoolMin:400]]
[2024.04.01-19.16.45:907][  0]LogConfig: Setting CVar [[r.LensFlareQuality:2]]
[2024.04.01-19.16.45:907][  0]LogConfig: Setting CVar [[r.SceneColorFringeQuality:1]]
[2024.04.01-19.16.45:907][  0]LogConfig: Setting CVar [[r.EyeAdaptationQuality:2]]
[2024.04.01-19.16.45:907][  0]LogConfig: Setting CVar [[r.BloomQuality:5]]
[2024.04.01-19.16.45:907][  0]LogConfig: Setting CVar [[r.FastBlurThreshold:100]]
[2024.04.01-19.16.45:907][  0]LogConfig: Setting CVar [[r.Upscale.Quality:3]]
[2024.04.01-19.16.45:907][  0]LogConfig: Setting CVar [[r.Tonemapper.GrainQuantization:1]]
[2024.04.01-19.16.45:908][  0]LogConfig: Setting CVar [[r.LightShaftQuality:1]]
[2024.04.01-19.16.45:908][  0]LogConfig: Setting CVar [[r.Filter.SizeScale:1]]
[2024.04.01-19.16.45:908][  0]LogConfig: Setting CVar [[r.Tonemapper.Quality:5]]
[2024.04.01-19.16.45:908][  0]LogConfig: Setting CVar [[r.DOF.Gather.AccumulatorQuality:1        ; higher gathering accumulator quality]]
[2024.04.01-19.16.45:908][  0]LogConfig: Setting CVar [[r.DOF.Gather.PostfilterMethod:1          ; Median3x3 postfilering method]]
[2024.04.01-19.16.45:908][  0]LogConfig: Setting CVar [[r.DOF.Gather.EnableBokehSettings:0       ; no bokeh simulation when gathering]]
[2024.04.01-19.16.45:908][  0]LogConfig: Setting CVar [[r.DOF.Gather.RingCount:4                 ; medium number of samples when gathering]]
[2024.04.01-19.16.45:908][  0]LogConfig: Setting CVar [[r.DOF.Scatter.ForegroundCompositing:1    ; additive foreground scattering]]
[2024.04.01-19.16.45:908][  0]LogConfig: Setting CVar [[r.DOF.Scatter.BackgroundCompositing:2    ; additive background scattering]]
[2024.04.01-19.16.45:908][  0]LogConfig: Setting CVar [[r.DOF.Scatter.EnableBokehSettings:1      ; bokeh simulation when scattering]]
[2024.04.01-19.16.45:908][  0]LogConfig: Setting CVar [[r.DOF.Scatter.MaxSpriteRatio:0.1         ; only a maximum of 10% of scattered bokeh]]
[2024.04.01-19.16.45:908][  0]LogConfig: Setting CVar [[r.DOF.Recombine.Quality:1                ; cheap slight out of focus]]
[2024.04.01-19.16.45:908][  0]LogConfig: Setting CVar [[r.DOF.Recombine.EnableBokehSettings:0    ; no bokeh simulation on slight out of focus]]
[2024.04.01-19.16.45:908][  0]LogConfig: Setting CVar [[r.DOF.TemporalAAQuality:1                ; more stable temporal accumulation]]
[2024.04.01-19.16.45:908][  0]LogConfig: Setting CVar [[r.DOF.Kernel.MaxForegroundRadius:0.025]]
[2024.04.01-19.16.45:908][  0]LogConfig: Setting CVar [[r.DOF.Kernel.MaxBackgroundRadius:0.025]]
[2024.04.01-19.16.45:908][  0]LogConfig: Applying CVar settings from Section [TextureQuality@3] File [F:/Unreal/Proyecto/Tower-Assault/Tower_Assault/Saved/Config/Windows/Scalability.ini]
[2024.04.01-19.16.45:908][  0]LogConfig: Setting CVar [[r.Streaming.MipBias:0]]
[2024.04.01-19.16.45:908][  0]LogConfig: Setting CVar [[r.Streaming.AmortizeCPUToGPUCopy:0]]
[2024.04.01-19.16.45:908][  0]LogConfig: Setting CVar [[r.Streaming.MaxNumTexturesToStreamPerFrame:0]]
[2024.04.01-19.16.45:908][  0]LogConfig: Setting CVar [[r.Streaming.Boost:1]]
[2024.04.01-19.16.45:908][  0]LogConfig: Setting CVar [[r.MaxAnisotropy:8]]
[2024.04.01-19.16.45:908][  0]LogConfig: Setting CVar [[r.VT.MaxAnisotropy:8]]
[2024.04.01-19.16.45:908][  0]LogConfig: Setting CVar [[r.Streaming.LimitPoolSizeToVRAM:0]]
[2024.04.01-19.16.45:908][  0]LogConfig: Setting CVar [[r.Streaming.PoolSize:1000]]
[2024.04.01-19.16.45:908][  0]LogConfig: Setting CVar [[r.Streaming.MaxEffectiveScreenSize:0]]
[2024.04.01-19.16.45:908][  0]LogConfig: Applying CVar settings from Section [EffectsQuality@3] File [F:/Unreal/Proyecto/Tower-Assault/Tower_Assault/Saved/Config/Windows/Scalability.ini]
[2024.04.01-19.16.45:908][  0]LogConfig: Setting CVar [[r.TranslucencyLightingVolumeDim:64]]
[2024.04.01-19.16.45:908][  0]LogConfig: Setting CVar [[r.RefractionQuality:2]]
[2024.04.01-19.16.45:908][  0]LogConfig: Setting CVar [[r.SSR.Quality:3]]
[2024.04.01-19.16.45:908][  0]LogConfig: Setting CVar [[r.SSR.HalfResSceneColor:0]]
[2024.04.01-19.16.45:908][  0]LogConfig: Setting CVar [[r.SceneColorFormat:4]]
[2024.04.01-19.16.45:908][  0]LogConfig: Setting CVar [[r.DetailMode:2]]
[2024.04.01-19.16.45:908][  0]LogConfig: Setting CVar [[r.TranslucencyVolumeBlur:1]]
[2024.04.01-19.16.45:908][  0]LogConfig: Setting CVar [[r.MaterialQualityLevel:1 ; High quality]]
[2024.04.01-19.16.45:908][  0]LogConfig: Setting CVar [[r.AnisotropicMaterials:1]]
[2024.04.01-19.16.45:908][  0]LogConfig: Setting CVar [[r.SSS.Scale:1]]
[2024.04.01-19.16.45:908][  0]LogConfig: Setting CVar [[r.SSS.SampleSet:2]]
[2024.04.01-19.16.45:908][  0]LogConfig: Setting CVar [[r.SSS.Quality:1]]
[2024.04.01-19.16.45:908][  0]LogConfig: Setting CVar [[r.SSS.HalfRes:0]]
[2024.04.01-19.16.45:908][  0]LogConfig: Setting CVar [[r.SSGI.Quality:3]]
[2024.04.01-19.16.45:908][  0]LogConfig: Setting CVar [[r.EmitterSpawnRateScale:1.0]]
[2024.04.01-19.16.45:908][  0]LogConfig: Setting CVar [[r.ParticleLightQuality:2]]
[2024.04.01-19.16.45:908][  0]LogConfig: Setting CVar [[r.SkyAtmosphere.AerialPerspectiveLUT.FastApplyOnOpaque:1 ; Always have FastSkyLUT 1 in this case to avoid wrong sky]]
[2024.04.01-19.16.45:908][  0]LogConfig: Setting CVar [[r.SkyAtmosphere.AerialPerspectiveLUT.SampleCountMaxPerSlice:4]]
[2024.04.01-19.16.45:908][  0]LogConfig: Setting CVar [[r.SkyAtmosphere.AerialPerspectiveLUT.DepthResolution:16.0]]
[2024.04.01-19.16.45:908][  0]LogConfig: Setting CVar [[r.SkyAtmosphere.FastSkyLUT:1]]
[2024.04.01-19.16.45:908][  0]LogConfig: Setting CVar [[r.SkyAtmosphere.FastSkyLUT.SampleCountMin:4.0]]
[2024.04.01-19.16.45:908][  0]LogConfig: Setting CVar [[r.SkyAtmosphere.FastSkyLUT.SampleCountMax:128.0]]
[2024.04.01-19.16.45:908][  0]LogConfig: Setting CVar [[r.SkyAtmosphere.SampleCountMin:4.0]]
[2024.04.01-19.16.45:908][  0]LogConfig: Setting CVar [[r.SkyAtmosphere.SampleCountMax:128.0]]
[2024.04.01-19.16.45:908][  0]LogConfig: Setting CVar [[r.SkyAtmosphere.TransmittanceLUT.UseSmallFormat:0]]
[2024.04.01-19.16.45:908][  0]LogConfig: Setting CVar [[r.SkyAtmosphere.TransmittanceLUT.SampleCount:10.0]]
[2024.04.01-19.16.45:908][  0]LogConfig: Setting CVar [[r.SkyAtmosphere.MultiScatteringLUT.SampleCount:15.0]]
[2024.04.01-19.16.45:908][  0]LogConfig: Setting CVar [[r.SkyLight.RealTimeReflectionCapture:1]]
[2024.04.01-19.16.45:908][  0]LogConfig: Applying CVar settings from Section [FoliageQuality@3] File [F:/Unreal/Proyecto/Tower-Assault/Tower_Assault/Saved/Config/Windows/Scalability.ini]
[2024.04.01-19.16.45:908][  0]LogConfig: Setting CVar [[foliage.DensityScale:1.0]]
[2024.04.01-19.16.45:908][  0]LogConfig: Setting CVar [[grass.DensityScale:1.0]]
[2024.04.01-19.16.45:908][  0]LogConfig: Applying CVar settings from Section [ShadingQuality@3] File [F:/Unreal/Proyecto/Tower-Assault/Tower_Assault/Saved/Config/Windows/Scalability.ini]
[2024.04.01-19.16.45:908][  0]LogConfig: Setting CVar [[r.HairStrands.SkyLighting.IntegrationType:2]]
[2024.04.01-19.16.45:908][  0]LogConfig: Setting CVar [[r.HairStrands.SkyAO.SampleCount:4]]
[2024.04.01-19.16.45:908][  0]LogConfig: Setting CVar [[r.HairStrands.Visibility.MSAA.SamplePerPixel:4]]
[2024.04.01-19.16.45:908][  0]LogInit: Selected Device Profile: [Windows]
[2024.04.01-19.16.45:908][  0]LogInit: Applying CVar settings loaded from the selected device profile: [Windows]
[2024.04.01-19.16.45:908][  0]LogHAL: Display: Platform has ~ 24 GB [25670209536 / 34359738368 / 24], which maps to Larger [LargestMinGB=32, LargerMinGB=12, DefaultMinGB=8, SmallerMinGB=6, SmallestMinGB=0)
[2024.04.01-19.16.45:908][  0]LogInit: Going up to parent DeviceProfile []
[2024.04.01-19.16.45:908][  0]LogConfig: Applying CVar settings from Section [ViewDistanceQuality@3] File [F:/Unreal/Proyecto/Tower-Assault/Tower_Assault/Saved/Config/Windows/Scalability.ini]
[2024.04.01-19.16.45:908][  0]LogConfig: Setting CVar [[r.SkeletalMeshLODBias:0]]
[2024.04.01-19.16.45:908][  0]LogConfig: Setting CVar [[r.ViewDistanceScale:1.0]]
[2024.04.01-19.16.45:908][  0]LogConfig: Applying CVar settings from Section [AntiAliasingQuality@3] File [F:/Unreal/Proyecto/Tower-Assault/Tower_Assault/Saved/Config/Windows/Scalability.ini]
[2024.04.01-19.16.45:908][  0]LogConfig: Setting CVar [[r.PostProcessAAQuality:4]]
[2024.04.01-19.16.45:908][  0]LogConfig: Applying CVar settings from Section [ShadowQuality@3] File [F:/Unreal/Proyecto/Tower-Assault/Tower_Assault/Saved/Config/Windows/Scalability.ini]
[2024.04.01-19.16.45:908][  0]LogConfig: Setting CVar [[r.LightFunctionQuality:1]]
[2024.04.01-19.16.45:908][  0]LogConfig: Setting CVar [[r.ShadowQuality:5]]
[2024.04.01-19.16.45:908][  0]LogConfig: Setting CVar [[r.Shadow.CSM.MaxCascades:10]]
[2024.04.01-19.16.45:908][  0]LogConfig: Setting CVar [[r.Shadow.MaxResolution:2048]]
[2024.04.01-19.16.45:908][  0]LogConfig: Setting CVar [[r.Shadow.MaxCSMResolution:2048]]
[2024.04.01-19.16.45:908][  0]LogConfig: Setting CVar [[r.Shadow.RadiusThreshold:0.01]]
[2024.04.01-19.16.45:908][  0]LogConfig: Setting CVar [[r.Shadow.DistanceScale:1.0]]
[2024.04.01-19.16.45:908][  0]LogConfig: Setting CVar [[r.Shadow.CSM.TransitionScale:1.0]]
[2024.04.01-19.16.45:908][  0]LogConfig: Setting CVar [[r.Shadow.PreShadowResolutionFactor:1.0]]
[2024.04.01-19.16.45:908][  0]LogConfig: Setting CVar [[r.DistanceFieldShadowing:1]]
[2024.04.01-19.16.45:908][  0]LogConfig: Setting CVar [[r.DistanceFieldAO:1]]
[2024.04.01-19.16.45:908][  0]LogConfig: Setting CVar [[r.AOQuality:2]]
[2024.04.01-19.16.45:908][  0]LogConfig: Setting CVar [[r.VolumetricFog:1]]
[2024.04.01-19.16.45:908][  0]LogConfig: Setting CVar [[r.VolumetricFog.GridPixelSize:8]]
[2024.04.01-19.16.45:908][  0]LogConfig: Setting CVar [[r.VolumetricFog.GridSizeZ:128]]
[2024.04.01-19.16.45:908][  0]LogConfig: Setting CVar [[r.VolumetricFog.HistoryMissSupersampleCount:4]]
[2024.04.01-19.16.45:908][  0]LogConfig: Setting CVar [[r.LightMaxDrawDistanceScale:1]]
[2024.04.01-19.16.45:908][  0]LogConfig: Setting CVar [[r.CapsuleShadows:1]]
[2024.04.01-19.16.45:908][  0]LogConfig: Applying CVar settings from Section [PostProcessQuality@3] File [F:/Unreal/Proyecto/Tower-Assault/Tower_Assault/Saved/Config/Windows/Scalability.ini]
[2024.04.01-19.16.45:908][  0]LogConfig: Setting CVar [[r.MotionBlurQuality:4]]
[2024.04.01-19.16.45:908][  0]LogConfig: Setting CVar [[r.AmbientOcclusionMipLevelFactor:0.4]]
[2024.04.01-19.16.45:908][  0]LogConfig: Setting CVar [[r.AmbientOcclusionMaxQuality:100]]
[2024.04.01-19.16.45:908][  0]LogConfig: Setting CVar [[r.AmbientOcclusionLevels:-1]]
[2024.04.01-19.16.45:908][  0]LogConfig: Setting CVar [[r.AmbientOcclusionRadiusScale:1.0]]
[2024.04.01-19.16.45:908][  0]LogConfig: Setting CVar [[r.DepthOfFieldQuality:2]]
[2024.04.01-19.16.45:908][  0]LogConfig: Setting CVar [[r.RenderTargetPoolMin:400]]
[2024.04.01-19.16.45:908][  0]LogConfig: Setting CVar [[r.LensFlareQuality:2]]
[2024.04.01-19.16.45:908][  0]LogConfig: Setting CVar [[r.SceneColorFringeQuality:1]]
[2024.04.01-19.16.45:908][  0]LogConfig: Setting CVar [[r.EyeAdaptationQuality:2]]
[2024.04.01-19.16.45:908][  0]LogConfig: Setting CVar [[r.BloomQuality:5]]
[2024.04.01-19.16.45:908][  0]LogConfig: Setting CVar [[r.FastBlurThreshold:100]]
[2024.04.01-19.16.45:908][  0]LogConfig: Setting CVar [[r.Upscale.Quality:3]]
[2024.04.01-19.16.45:908][  0]LogConfig: Setting CVar [[r.Tonemapper.GrainQuantization:1]]
[2024.04.01-19.16.45:908][  0]LogConfig: Setting CVar [[r.LightShaftQuality:1]]
[2024.04.01-19.16.45:908][  0]LogConfig: Setting CVar [[r.Filter.SizeScale:1]]
[2024.04.01-19.16.45:908][  0]LogConfig: Setting CVar [[r.Tonemapper.Quality:5]]
[2024.04.01-19.16.45:908][  0]LogConfig: Setting CVar [[r.DOF.Gather.AccumulatorQuality:1        ; higher gathering accumulator quality]]
[2024.04.01-19.16.45:908][  0]LogConfig: Setting CVar [[r.DOF.Gather.PostfilterMethod:1          ; Median3x3 postfilering method]]
[2024.04.01-19.16.45:908][  0]LogConfig: Setting CVar [[r.DOF.Gather.EnableBokehSettings:0       ; no bokeh simulation when gathering]]
[2024.04.01-19.16.45:908][  0]LogConfig: Setting CVar [[r.DOF.Gather.RingCount:4                 ; medium number of samples when gathering]]
[2024.04.01-19.16.45:908][  0]LogConfig: Setting CVar [[r.DOF.Scatter.ForegroundCompositing:1    ; additive foreground scattering]]
[2024.04.01-19.16.45:908][  0]LogConfig: Setting CVar [[r.DOF.Scatter.BackgroundCompositing:2    ; additive background scattering]]
[2024.04.01-19.16.45:908][  0]LogConfig: Setting CVar [[r.DOF.Scatter.EnableBokehSettings:1      ; bokeh simulation when scattering]]
[2024.04.01-19.16.45:908][  0]LogConfig: Setting CVar [[r.DOF.Scatter.MaxSpriteRatio:0.1         ; only a maximum of 10% of scattered bokeh]]
[2024.04.01-19.16.45:908][  0]LogConfig: Setting CVar [[r.DOF.Recombine.Quality:1                ; cheap slight out of focus]]
[2024.04.01-19.16.45:909][  0]LogConfig: Setting CVar [[r.DOF.Recombine.EnableBokehSettings:0    ; no bokeh simulation on slight out of focus]]
[2024.04.01-19.16.45:909][  0]LogConfig: Setting CVar [[r.DOF.TemporalAAQuality:1                ; more stable temporal accumulation]]
[2024.04.01-19.16.45:909][  0]LogConfig: Setting CVar [[r.DOF.Kernel.MaxForegroundRadius:0.025]]
[2024.04.01-19.16.45:909][  0]LogConfig: Setting CVar [[r.DOF.Kernel.MaxBackgroundRadius:0.025]]
[2024.04.01-19.16.45:909][  0]LogConfig: Applying CVar settings from Section [TextureQuality@3] File [F:/Unreal/Proyecto/Tower-Assault/Tower_Assault/Saved/Config/Windows/Scalability.ini]
[2024.04.01-19.16.45:909][  0]LogConfig: Setting CVar [[r.Streaming.MipBias:0]]
[2024.04.01-19.16.45:909][  0]LogConfig: Setting CVar [[r.Streaming.AmortizeCPUToGPUCopy:0]]
[2024.04.01-19.16.45:909][  0]LogConfig: Setting CVar [[r.Streaming.MaxNumTexturesToStreamPerFrame:0]]
[2024.04.01-19.16.45:909][  0]LogConfig: Setting CVar [[r.Streaming.Boost:1]]
[2024.04.01-19.16.45:909][  0]LogConfig: Setting CVar [[r.MaxAnisotropy:8]]
[2024.04.01-19.16.45:909][  0]LogConfig: Setting CVar [[r.VT.MaxAnisotropy:8]]
[2024.04.01-19.16.45:909][  0]LogConfig: Setting CVar [[r.Streaming.LimitPoolSizeToVRAM:0]]
[2024.04.01-19.16.45:909][  0]LogConfig: Setting CVar [[r.Streaming.PoolSize:1000]]
[2024.04.01-19.16.45:909][  0]LogConfig: Setting CVar [[r.Streaming.MaxEffectiveScreenSize:0]]
[2024.04.01-19.16.45:909][  0]LogConfig: Applying CVar settings from Section [EffectsQuality@3] File [F:/Unreal/Proyecto/Tower-Assault/Tower_Assault/Saved/Config/Windows/Scalability.ini]
[2024.04.01-19.16.45:909][  0]LogConfig: Setting CVar [[r.TranslucencyLightingVolumeDim:64]]
[2024.04.01-19.16.45:909][  0]LogConfig: Setting CVar [[r.RefractionQuality:2]]
[2024.04.01-19.16.45:909][  0]LogConfig: Setting CVar [[r.SSR.Quality:3]]
[2024.04.01-19.16.45:909][  0]LogConfig: Setting CVar [[r.SSR.HalfResSceneColor:0]]
[2024.04.01-19.16.45:909][  0]LogConfig: Setting CVar [[r.SceneColorFormat:4]]
[2024.04.01-19.16.45:909][  0]LogConfig: Setting CVar [[r.DetailMode:2]]
[2024.04.01-19.16.45:909][  0]LogConfig: Setting CVar [[r.TranslucencyVolumeBlur:1]]
[2024.04.01-19.16.45:909][  0]LogConfig: Setting CVar [[r.MaterialQualityLevel:1 ; High quality]]
[2024.04.01-19.16.45:909][  0]LogConfig: Setting CVar [[r.AnisotropicMaterials:1]]
[2024.04.01-19.16.45:909][  0]LogConfig: Setting CVar [[r.SSS.Scale:1]]
[2024.04.01-19.16.45:909][  0]LogConfig: Setting CVar [[r.SSS.SampleSet:2]]
[2024.04.01-19.16.45:909][  0]LogConfig: Setting CVar [[r.SSS.Quality:1]]
[2024.04.01-19.16.45:909][  0]LogConfig: Setting CVar [[r.SSS.HalfRes:0]]
[2024.04.01-19.16.45:909][  0]LogConfig: Setting CVar [[r.SSGI.Quality:3]]
[2024.04.01-19.16.45:909][  0]LogConfig: Setting CVar [[r.EmitterSpawnRateScale:1.0]]
[2024.04.01-19.16.45:909][  0]LogConfig: Setting CVar [[r.ParticleLightQuality:2]]
[2024.04.01-19.16.45:909][  0]LogConfig: Setting CVar [[r.SkyAtmosphere.AerialPerspectiveLUT.FastApplyOnOpaque:1 ; Always have FastSkyLUT 1 in this case to avoid wrong sky]]
[2024.04.01-19.16.45:909][  0]LogConfig: Setting CVar [[r.SkyAtmosphere.AerialPerspectiveLUT.SampleCountMaxPerSlice:4]]
[2024.04.01-19.16.45:909][  0]LogConfig: Setting CVar [[r.SkyAtmosphere.AerialPerspectiveLUT.DepthResolution:16.0]]
[2024.04.01-19.16.45:909][  0]LogConfig: Setting CVar [[r.SkyAtmosphere.FastSkyLUT:1]]
[2024.04.01-19.16.45:909][  0]LogConfig: Setting CVar [[r.SkyAtmosphere.FastSkyLUT.SampleCountMin:4.0]]
[2024.04.01-19.16.45:909][  0]LogConfig: Setting CVar [[r.SkyAtmosphere.FastSkyLUT.SampleCountMax:128.0]]
[2024.04.01-19.16.45:909][  0]LogConfig: Setting CVar [[r.SkyAtmosphere.SampleCountMin:4.0]]
[2024.04.01-19.16.45:909][  0]LogConfig: Setting CVar [[r.SkyAtmosphere.SampleCountMax:128.0]]
[2024.04.01-19.16.45:909][  0]LogConfig: Setting CVar [[r.SkyAtmosphere.TransmittanceLUT.UseSmallFormat:0]]
[2024.04.01-19.16.45:909][  0]LogConfig: Setting CVar [[r.SkyAtmosphere.TransmittanceLUT.SampleCount:10.0]]
[2024.04.01-19.16.45:909][  0]LogConfig: Setting CVar [[r.SkyAtmosphere.MultiScatteringLUT.SampleCount:15.0]]
[2024.04.01-19.16.45:909][  0]LogConfig: Setting CVar [[r.SkyLight.RealTimeReflectionCapture:1]]
[2024.04.01-19.16.45:909][  0]LogConfig: Applying CVar settings from Section [FoliageQuality@3] File [F:/Unreal/Proyecto/Tower-Assault/Tower_Assault/Saved/Config/Windows/Scalability.ini]
[2024.04.01-19.16.45:909][  0]LogConfig: Setting CVar [[foliage.DensityScale:1.0]]
[2024.04.01-19.16.45:909][  0]LogConfig: Setting CVar [[grass.DensityScale:1.0]]
[2024.04.01-19.16.45:909][  0]LogConfig: Applying CVar settings from Section [ShadingQuality@3] File [F:/Unreal/Proyecto/Tower-Assault/Tower_Assault/Saved/Config/Windows/Scalability.ini]
[2024.04.01-19.16.45:909][  0]LogConfig: Setting CVar [[r.HairStrands.SkyLighting.IntegrationType:2]]
[2024.04.01-19.16.45:909][  0]LogConfig: Setting CVar [[r.HairStrands.SkyAO.SampleCount:4]]
[2024.04.01-19.16.45:909][  0]LogConfig: Setting CVar [[r.HairStrands.Visibility.MSAA.SamplePerPixel:4]]
[2024.04.01-19.16.45:909][  0]LogConfig: Applying CVar settings from Section [Startup] File [../../../Engine/Config/ConsoleVariables.ini]
[2024.04.01-19.16.45:909][  0]LogConfig: Setting CVar [[net.UseAdaptiveNetUpdateFrequency:0]]
[2024.04.01-19.16.45:909][  0]LogConfig: Setting CVar [[p.chaos.AllowCreatePhysxBodies:1]]
[2024.04.01-19.16.45:909][  0]LogConfig: Setting CVar [[fx.SkipVectorVMBackendOptimizations:1]]
[2024.04.01-19.16.45:909][  0]LogConfig: Applying CVar settings from Section [ConsoleVariables] File [F:/Unreal/Proyecto/Tower-Assault/Tower_Assault/Saved/Config/Windows/Engine.ini]
[2024.04.01-19.16.45:909][  0]LogConfig: Applying CVar settings from Section [ConsoleVariables] File [F:/Unreal/Proyecto/Tower-Assault/Tower_Assault/Saved/Config/Windows/Editor.ini]
[2024.04.01-19.16.45:909][  0]LogInit: Computer: DESKTOP-61M1ON8
[2024.04.01-19.16.45:909][  0]LogInit: User: Julian
[2024.04.01-19.16.45:909][  0]LogInit: CPU Page size=4096, Cores=6
[2024.04.01-19.16.45:909][  0]LogInit: High frequency timer resolution =10.000000 MHz
[2024.04.01-19.16.45:909][  0]LogMemory: Memory total: Physical=23.9GB (24GB approx)
[2024.04.01-19.16.45:909][  0]LogMemory: Platform Memory Stats for Windows
[2024.04.01-19.16.45:909][  0]LogMemory: Process Physical Memory: 146.57 MB used, 146.57 MB peak
[2024.04.01-19.16.45:909][  0]LogMemory: Process Virtual Memory: 129.80 MB used, 129.80 MB peak
[2024.04.01-19.16.45:909][  0]LogMemory: Physical Memory: 10896.27 MB used,  13584.75 MB free, 24481.02 MB total
[2024.04.01-19.16.45:909][  0]LogMemory: Virtual Memory: 134200632.00 MB used,  17094.12 MB free, 134217728.00 MB total
[2024.04.01-19.16.45:916][  0]LogWindows: WindowsPlatformFeatures enabled
[2024.04.01-19.16.45:947][  0]LogInit: Physics initialised using underlying interface: PhysX
[2024.04.01-19.16.45:947][  0]LogInit: Using OS detected language (es-MX).
[2024.04.01-19.16.45:947][  0]LogInit: Using OS detected locale (es-AR).
[2024.04.01-19.16.45:948][  0]LogTextLocalizationResource: LocRes '../../../Engine/Content/Localization/Editor/es-MX/Editor.locres' could not be opened for reading!
[2024.04.01-19.16.45:948][  0]LogTextLocalizationResource: LocRes '../../../Engine/Content/Localization/EditorTutorials/es-MX/EditorTutorials.locres' could not be opened for reading!
[2024.04.01-19.16.45:948][  0]LogTextLocalizationResource: LocRes '../../../Engine/Content/Localization/Keywords/es-MX/Keywords.locres' could not be opened for reading!
[2024.04.01-19.16.45:948][  0]LogTextLocalizationResource: LocRes '../../../Engine/Content/Localization/Category/es-MX/Category.locres' could not be opened for reading!
[2024.04.01-19.16.45:948][  0]LogTextLocalizationResource: LocRes '../../../Engine/Content/Localization/ToolTips/es-MX/ToolTips.locres' could not be opened for reading!
[2024.04.01-19.16.45:948][  0]LogTextLocalizationResource: LocRes '../../../Engine/Content/Localization/PropertyNames/es-MX/PropertyNames.locres' could not be opened for reading!
[2024.04.01-19.16.45:948][  0]LogTextLocalizationResource: LocRes '../../../Engine/Content/Localization/Engine/es-MX/Engine.locres' could not be opened for reading!
[2024.04.01-19.16.45:948][  0]LogTextLocalizationResource: LocRes '../../../Engine/Plugins/Online/OnlineSubsystemUtils/Content/Localization/OnlineSubsystemUtils/es-MX/OnlineSubsystemUtils.locres' could not be opened for reading!
[2024.04.01-19.16.45:948][  0]LogTextLocalizationResource: LocRes '../../../Engine/Plugins/Online/Android/OnlineSubsystemGooglePlay/Content/Localization/OnlineSubsystemGooglePlay/es-MX/OnlineSubsystemGooglePlay.locres' could not be opened for reading!
[2024.04.01-19.16.45:948][  0]LogTextLocalizationResource: LocRes '../../../Engine/Plugins/Online/IOS/OnlineSubsystemIOS/Content/Localization/OnlineSubsystemIOS/es-MX/OnlineSubsystemIOS.locres' could not be opened for reading!
[2024.04.01-19.16.45:973][  0]LogInit: Setting process to per monitor DPI aware
[2024.04.01-19.16.45:981][  0]LogWindowsTextInputMethodSystem: Display: IME system deactivated.
[2024.04.01-19.16.45:990][  0]LogSlate: New Slate User Created.  User Index 0, Is Virtual User: 0
[2024.04.01-19.16.45:990][  0]LogSlate: Slate User Registered.  User Index 0, Is Virtual User: 0
[2024.04.01-19.16.46:090][  0]LogD3D11RHI: Loaded GFSDK_Aftermath_Lib.x64.dll
[2024.04.01-19.16.46:096][  0]LogHMD: Failed to initialize OpenVR with code 110
[2024.04.01-19.16.46:097][  0]LogD3D11RHI: D3D11 min allowed feature level: 11_0
[2024.04.01-19.16.46:097][  0]LogD3D11RHI: D3D11 max allowed feature level: 11_0
[2024.04.01-19.16.46:097][  0]LogD3D11RHI: D3D11 adapters:
[2024.04.01-19.16.46:217][  0]LogD3D11RHI:    0. 'NVIDIA GeForce RTX 3060' (Feature Level 11_0)
[2024.04.01-19.16.46:217][  0]LogD3D11RHI:       12129/0/12240 MB DedicatedVideo/DedicatedSystem/SharedSystem, Outputs:1, VendorId:0x10de
[2024.04.01-19.16.46:219][  0]LogD3D11RHI:    1. 'Microsoft Basic Render Driver' (Feature Level 11_0)
[2024.04.01-19.16.46:219][  0]LogD3D11RHI:       0/0/12240 MB DedicatedVideo/DedicatedSystem/SharedSystem, Outputs:0, VendorId:0x1414
[2024.04.01-19.16.46:219][  0]LogD3D11RHI: Chosen D3D11 Adapter:
[2024.04.01-19.16.46:219][  0]LogD3D11RHI:     Description : NVIDIA GeForce RTX 3060
[2024.04.01-19.16.46:219][  0]LogD3D11RHI:     VendorId    : 10de
[2024.04.01-19.16.46:219][  0]LogD3D11RHI:     DeviceId    : 2504
[2024.04.01-19.16.46:219][  0]LogD3D11RHI:     SubSysId    : 15017377
[2024.04.01-19.16.46:219][  0]LogD3D11RHI:     Revision    : 00a1
[2024.04.01-19.16.46:219][  0]LogD3D11RHI:     DedicatedVideoMemory : 12718178304 bytes
[2024.04.01-19.16.46:219][  0]LogD3D11RHI:     DedicatedSystemMemory : 0 bytes
[2024.04.01-19.16.46:219][  0]LogD3D11RHI:     SharedSystemMemory : 12835104768 bytes
[2024.04.01-19.16.46:219][  0]LogD3D11RHI:     AdapterLuid : 0 66227
[2024.04.01-19.16.46:227][  0]LogD3D11RHI: Creating new Direct3DDevice
[2024.04.01-19.16.46:227][  0]LogD3D11RHI:     GPU DeviceId: 0x2504 (for the marketing name, search the web for "GPU Device Id")
[2024.04.01-19.16.46:227][  0]LogWindows: EnumDisplayDevices:
[2024.04.01-19.16.46:227][  0]LogWindows:    0. 'NVIDIA GeForce RTX 3060' (P:1 D:1)
[2024.04.01-19.16.46:227][  0]LogWindows:    1. 'NVIDIA GeForce RTX 3060' (P:0 D:0)
[2024.04.01-19.16.46:228][  0]LogWindows:    2. 'NVIDIA GeForce RTX 3060' (P:0 D:0)
[2024.04.01-19.16.46:228][  0]LogWindows:    3. 'NVIDIA GeForce RTX 3060' (P:0 D:0)
[2024.04.01-19.16.46:228][  0]LogWindows: DebugString: FoundDriverCount:4 
[2024.04.01-19.16.46:228][  0]LogD3D11RHI:     Adapter Name: NVIDIA GeForce RTX 3060
[2024.04.01-19.16.46:228][  0]LogD3D11RHI:   Driver Version: 545.92 (internal:31.0.15.4592, unified:545.92)
[2024.04.01-19.16.46:228][  0]LogD3D11RHI:      Driver Date: 10-19-2023
[2024.04.01-19.16.46:228][  0]LogRHI: Texture pool is 8490 MB (70% of 12129 MB)
[2024.04.01-19.16.46:228][  0]LogD3D11RHI: Creating D3DDevice using adapter:
[2024.04.01-19.16.46:228][  0]LogD3D11RHI:     Description : NVIDIA GeForce RTX 3060
[2024.04.01-19.16.46:228][  0]LogD3D11RHI:     VendorId    : 10de
[2024.04.01-19.16.46:228][  0]LogD3D11RHI:     DeviceId    : 2504
[2024.04.01-19.16.46:228][  0]LogD3D11RHI:     SubSysId    : 15017377
[2024.04.01-19.16.46:228][  0]LogD3D11RHI:     Revision    : 00a1
[2024.04.01-19.16.46:228][  0]LogD3D11RHI:     DedicatedVideoMemory : 12718178304 bytes
[2024.04.01-19.16.46:228][  0]LogD3D11RHI:     DedicatedSystemMemory : 0 bytes
[2024.04.01-19.16.46:228][  0]LogD3D11RHI:     SharedSystemMemory : 12835104768 bytes
[2024.04.01-19.16.46:228][  0]LogD3D11RHI:     AdapterLuid : 0 66227
[2024.04.01-19.16.46:300][  0]LogD3D11RHI: RHI has support for 64 bit atomics
[2024.04.01-19.16.46:300][  0]LogD3D11RHI: Async texture creation enabled
[2024.04.01-19.16.46:300][  0]LogD3D11RHI: Array index from any shader is supported
[2024.04.01-19.16.46:327][  0]LogD3D11RHI: GPU Timing Frequency: 1000.000000 (Debug: 2 2)
[2024.04.01-19.16.46:347][  0]LogRHI: GeForceNow SDK initialized: 1
[2024.04.01-19.16.46:577][  0]LogTargetPlatformManager: Display: Loaded TargetPlatform 'AllDesktop'
[2024.04.01-19.16.46:594][  0]LogTargetPlatformManager: Display: Loaded TargetPlatform 'Android'
[2024.04.01-19.16.46:594][  0]LogTargetPlatformManager: Display: Loaded TargetPlatform 'Android_ASTC'
[2024.04.01-19.16.46:594][  0]LogTargetPlatformManager: Display: Loaded TargetPlatform 'Android_DXT'
[2024.04.01-19.16.46:594][  0]LogTargetPlatformManager: Display: Loaded TargetPlatform 'Android_ETC2'
[2024.04.01-19.16.46:594][  0]LogTargetPlatformManager: Display: Loaded TargetPlatform 'AndroidClient'
[2024.04.01-19.16.46:594][  0]LogTargetPlatformManager: Display: Loaded TargetPlatform 'Android_ASTCClient'
[2024.04.01-19.16.46:594][  0]LogTargetPlatformManager: Display: Loaded TargetPlatform 'Android_DXTClient'
[2024.04.01-19.16.46:594][  0]LogTargetPlatformManager: Display: Loaded TargetPlatform 'Android_ETC2Client'
[2024.04.01-19.16.46:594][  0]LogTargetPlatformManager: Display: Loaded TargetPlatform 'Android_Multi'
[2024.04.01-19.16.46:594][  0]LogTargetPlatformManager: Display: Loaded TargetPlatform 'Android_MultiClient'
[2024.04.01-19.16.46:610][  0]LogTargetPlatformManager: Display: Loaded TargetPlatform 'IOSClient'
[2024.04.01-19.16.46:610][  0]LogTargetPlatformManager: Display: Loaded TargetPlatform 'IOS'
[2024.04.01-19.16.46:618][  0]LogTargetPlatformManager: Display: Loaded TargetPlatform 'Linux'
[2024.04.01-19.16.46:621][  0]LogTargetPlatformManager: Display: Loaded TargetPlatform 'LinuxNoEditor'
[2024.04.01-19.16.46:625][  0]LogTargetPlatformManager: Display: Loaded TargetPlatform 'LinuxClient'
[2024.04.01-19.16.46:629][  0]LogTargetPlatformManager: Display: Loaded TargetPlatform 'LinuxServer'
[2024.04.01-19.16.46:635][  0]LogTargetPlatformManager: Display: Loaded TargetPlatform 'LinuxAArch64NoEditor'
[2024.04.01-19.16.46:639][  0]LogTargetPlatformManager: Display: Loaded TargetPlatform 'LinuxAArch64Client'
[2024.04.01-19.16.46:643][  0]LogTargetPlatformManager: Display: Loaded TargetPlatform 'LinuxAArch64Server'
[2024.04.01-19.16.46:659][  0]LogTargetPlatformManager: Display: Loaded TargetPlatform 'Lumin'
[2024.04.01-19.16.46:659][  0]LogTargetPlatformManager: Display: Loaded TargetPlatform 'LuminClient'
[2024.04.01-19.16.46:666][  0]LogTargetPlatformManager: Display: Loaded TargetPlatform 'MacNoEditor'
[2024.04.01-19.16.46:669][  0]LogTargetPlatformManager: Display: Loaded TargetPlatform 'Mac'
[2024.04.01-19.16.46:673][  0]LogTargetPlatformManager: Display: Loaded TargetPlatform 'MacClient'
[2024.04.01-19.16.46:677][  0]LogTargetPlatformManager: Display: Loaded TargetPlatform 'MacServer'
[2024.04.01-19.16.46:685][  0]LogTargetPlatformManager: Display: Loaded TargetPlatform 'TVOSClient'
[2024.04.01-19.16.46:685][  0]LogTargetPlatformManager: Display: Loaded TargetPlatform 'TVOS'
[2024.04.01-19.16.46:691][  0]LogTargetPlatformManager: Display: Loaded TargetPlatform 'WindowsNoEditor'
[2024.04.01-19.16.46:695][  0]LogTargetPlatformManager: Display: Loaded TargetPlatform 'Windows'
[2024.04.01-19.16.46:699][  0]LogTargetPlatformManager: Display: Loaded TargetPlatform 'WindowsClient'
[2024.04.01-19.16.46:703][  0]LogTargetPlatformManager: Display: Loaded TargetPlatform 'WindowsServer'
[2024.04.01-19.16.46:703][  0]LogTargetPlatformManager: Display: Building Assets For Windows
[2024.04.01-19.16.46:710][  0]LogAudioDebug: Display: Lib vorbis DLL was dynamically loaded.
[2024.04.01-19.16.46:737][  0]LogTextureFormatOodle: Display: Oodle Texture 2.9.0 init RDO Off
[2024.04.01-19.16.46:767][  0]LogRendererCore: Ray tracing is disabled. Reason: r.RayTracing=0.
[2024.04.01-19.16.46:767][  0]LogShaderCompilers: Guid format shader working directory is -2 characters bigger than the processId version (../../../../Proyecto/Tower-Assault/Tower_Assault/Intermediate/Shaders/WorkingDirectory/29676/).
[2024.04.01-19.16.46:767][  0]LogShaderCompilers: Cleaned the shader compiler working directory 'C:/Users/Julian/AppData/Local/Temp/UnrealShaderWorkingDir/21998FE341A8DA74697291A1E80A08D5/'.
[2024.04.01-19.16.46:768][  0]LogXGEController: Cannot use XGE Controller as Incredibuild is not installed on this machine.
[2024.04.01-19.16.46:768][  0]LogShaderCompilers: Cannot use XGE Shader Compiler as Incredibuild is not installed on this machine.
[2024.04.01-19.16.46:768][  0]LogShaderCompilers: Display: Using Local Shader Compiler.
[2024.04.01-19.16.47:318][  0]LogDerivedDataCache: Display: Max Cache Size: 512 MB
[2024.04.01-19.16.47:361][  0]LogDerivedDataCache: Loaded boot cache 0.04s 94MB C:/Users/Julian/AppData/Local/UnrealEngine/4.27/DerivedDataCache/Boot.ddc.
[2024.04.01-19.16.47:361][  0]LogDerivedDataCache: Display: Loaded Boot cache: C:/Users/Julian/AppData/Local/UnrealEngine/4.27/DerivedDataCache/Boot.ddc
[2024.04.01-19.16.47:361][  0]LogDerivedDataCache: FDerivedDataBackendGraph:  Pak pak cache file ../../../../Proyecto/Tower-Assault/Tower_Assault/DerivedDataCache/DDC.ddp not found, will not use a pak cache.
[2024.04.01-19.16.47:361][  0]LogDerivedDataCache: Unable to find inner node Pak for hierarchical cache Hierarchy.
[2024.04.01-19.16.47:361][  0]LogDerivedDataCache: FDerivedDataBackendGraph:  CompressedPak pak cache file ../../../../Proyecto/Tower-Assault/Tower_Assault/DerivedDataCache/Compressed.ddp not found, will not use a pak cache.
[2024.04.01-19.16.47:361][  0]LogDerivedDataCache: Unable to find inner node CompressedPak for hierarchical cache Hierarchy.
[2024.04.01-19.16.47:376][  0]LogDerivedDataCache: Display: Pak cache opened for reading ../../../Engine/DerivedDataCache/Compressed.ddp.
[2024.04.01-19.16.47:376][  0]LogDerivedDataCache: FDerivedDataBackendGraph:  EnterprisePak pak cache file ../../../Enterprise/DerivedDataCache/Compressed.ddp not found, will not use a pak cache.
[2024.04.01-19.16.47:376][  0]LogDerivedDataCache: Unable to find inner node EnterprisePak for hierarchical cache Hierarchy.
[2024.04.01-19.16.47:382][  0]LogDerivedDataCache: Speed tests for C:/Users/Julian/AppData/Local/UnrealEngine/Common/DerivedDataCache took 0.01 seconds
[2024.04.01-19.16.47:382][  0]LogDerivedDataCache: Display: Performance to C:/Users/Julian/AppData/Local/UnrealEngine/Common/DerivedDataCache: Latency=0.03ms. RandomReadSpeed=1256.67MBs, RandomWriteSpeed=167.63MBs. Assigned SpeedClass 'Local'
[2024.04.01-19.16.47:383][  0]LogDerivedDataCache: Using Local data cache path C:/Users/Julian/AppData/Local/UnrealEngine/Common/DerivedDataCache: Writable
[2024.04.01-19.16.47:383][  0]LogDerivedDataCache: Shared data cache path not found in *engine.ini, will not use an Shared cache.
[2024.04.01-19.16.47:383][  0]LogDerivedDataCache: Unable to find inner node Shared for hierarchical cache Hierarchy.
[2024.04.01-19.16.47:419][  0]LogSlate: Using FreeType 2.10.0
[2024.04.01-19.16.47:419][  0]LogSlate: SlateFontServices - WITH_FREETYPE: 1, WITH_HARFBUZZ: 1
[2024.04.01-19.16.47:439][  0]LogAssetRegistry: FAssetRegistry took 0.0022 seconds to start up
[2024.04.01-19.16.47:621][  0]LogInit: Selected Device Profile: [Windows]
[2024.04.01-19.16.47:621][  0]LogInit: Active device profile: [0000027AA11AD400][0000027A9F6DB900 49] Windows
[2024.04.01-19.16.47:621][  0]LogInit: Profiles: [0000027AA11AD400][0000027A9F6DB900 49] Windows, [0000027AA1152600][0000027AA1805A80 49] WindowsNoEditor, [0000027AA11AF800][0000027AA1809C00 49] WindowsServer, [0000027AA1143F00][0000027AA180C200 49] WindowsClient, [0000027AA1153800][0000027AA1810380 49] IOS, [0000027AA1143100][0000027AA1814500 49] iPadAir, [0000027AA1152B00][0000027AA1800640 49] iPadAir2, [0000027AA1100700][0000027AA181C880 49] IPadPro, [0000027AA1100800][0000027AA18188C0 49] iPadAir3, [0000027AA1141D00][0000027AA1824A40 49] iPadAir4, [0000027AA1101600][0000027AA19ACBC0 49] iPadMini2, [0000027AA1140700][0000027AA19B0D40 49] iPadMini3, [0000027AA1102200][0000027AA19B4EC0 49] iPadMini4, [0000027AA1142900][0000027AA19B9040 49] iPadMini5, [0000027AA10F3F00][0000027AA19C1300 49] iPhone6, [0000027AA10F3E00][0000027AA19BD340 49] iPodTouch6, [0000027AA11AE600][0000027AA19C9600 49] iPhone7, [0000027AA11AE700][0000027AA19C5640 49] iPodTouch7, [0000027AA10F0600][0000027AA19CD7C0 49] iPhone5S, [0000027AA1102C00][0000027AA19D1940 49] iPhone6Plus, [0000027AA10F0D00][0000027AA19D5AC0 49] iPhone6S, [0000027AA1101800][0000027AA19D80C0 49] iPhone6SPlus, [0000027AA10F2400][0000027AA19DC240 49] iPhone7Plus, [0000027AA1102D00][0000027AA19E03C0 49] iPhoneSE, [0000027AA10F0E00][0000027AA19E4540 49] iPhone8, [0000027AA1100A00][0000027AA19E86C0 49] iPhone8Plus, [0000027AA11AE500][0000027AA1820800 49] iPhoneX, [0000027AA1102800][0000027AA19EC940 49] iPhoneXS, [0000027AA11AC900][0000027AA19F0A80 49] iPhoneXSMax, [0000027AA1100600][0000027AA19F4BC0 49] iPhoneXR, [0000027AA11AD700][0000027AA19FCD40 49] iPhone11, [0000027AA1101000][0000027AA1A00EC0 49] iPhone11Pro, [0000027AA11AD800][0000027AA1A05040 49] iPhone11ProMax, [0000027AA1102F00][0000027AA1A091C0 49] iPhoneSE2, [0000027AA11AC300][0000027AA1A0D340 49] iPhone12Mini, [0000027AA1103400][0000027AA1A114C0 49] iPhone12, [0000027AA11AD300][0000027AA1A15640 49] iPhone12Pro, [0000027AA1102600][0000027AA1A197C0 49] iPhone12ProMax, [0000027AA11AC200][0000027AA1A1D940 49] iPadPro105, [0000027AA1102400][0000027AA1A21AC0 49] iPadPro129, [0000027AA11AEF00][0000027AA1A240C0 49] iPadPro97, [0000027AA1103100][0000027AA1A28240 49] iPadPro2_129, [0000027AA11AEC00][0000027AA1A2C3C0 49] iPad5, [0000027AA1100900][0000027AA1A30540 49] iPad6, [0000027AA11ACD00][0000027AA1A346C0 49] iPad7, [0000027AA1100300][0000027AA1A38840 49] iPad8, [0000027AA11AC500][0000027AA19F8980 49] iPadPro11, [0000027AA1103300][0000027AA1A3CAC0 49] iPadPro2_11, [0000027AA11AC700][0000027AA1A40C00 49] iPadPro3_129, [0000027AA1101B00][0000027AA1A44D40 49] iPadPro4_129, [0000027AA11AF100][0000027AA1A4CEC0 49] AppleTV, [0000027AA1103500][0000027AA1A51040 49] AppleTV4K, [0000027AA11AE300][0000027AA1A551C0 49] TVOS, [0000027AA1102E00][0000027AA1A59340 49] Mac, [0000027AA11ACA00][0000027AA1A5D4C0 49] MacClient, [0000027AA1102300][0000027AA1A61640 49] MacNoEditor, [0000027AA11ADF00][0000027AA1A657C0 49] MacServer, [0000027AA1102100][0000027AA1A69940 49] Linux, [0000027AA11AD200][0000027AA1A6DAC0 49] LinuxAArch64, [0000027AA1102A00][0000027AA1A700C0 49] LinuxNoEditor, [0000027AA11AE100][0000027AA1A74240 49] LinuxAArch64NoEditor, [0000027AA1101200][0000027AA1A783C0 49] LinuxClient, [0000027AA11AEA00][0000027AA1A7C540 49] LinuxAArch64Client, [0000027AA1103E00][0000027AA1A806C0 49] LinuxServer, [0000027AA11AD900][0000027AA1A84840 49] LinuxAArch64Server, [0000027AA1100D00][0000027AA1A889C0 49] Android, [0000027AA11ADB00][0000027AA1A8CB40 49] Android_Low, [0000027AA1101500][0000027AA1A48C80 49] Android_Mid, [0000027AA1140600][0000027AA1A90DC0 49] Android_High, [0000027AA10F3800][0000027AA1A94F00 49] Android_Default, [0000027AA1142400][0000027AA1A9D080 49] Android_Adreno4xx, [0000027AA10F3400][0000027AA1AA1200 49] Android_Adreno5xx_Low, [0000027AA1140100][0000027AA1AA5380 49] Android_Adreno5xx, [0000027AA10F3900][0000027AA1AA9500 49] Android_Adreno6xx, [0000027AA1142800][0000027AA1AAD680 49] Android_Adreno6xx_Vulkan, [0000027AA10F3A00][0000027AA1AB1800 49] Android_Mali_T6xx, [0000027AA1142C00][0000027AA1AB5980 49] Android_Mali_T7xx, [0000027AA10F1D00][0000027AA1AB9B00 49] Android_Mali_T8xx, [0000027AA1141100][0000027AA1ABC100 49] Android_Mali_G71, [0000027AA10F3000][0000027AA1AC0280 49] Android_Mali_G72, [0000027AA1141A00][0000027AA1AC4400 49] Android_Mali_G72_Vulkan, [0000027AA10F2D00][0000027AA1AC8580 49] Android_Mali_G76, [0000027AA1140D00][0000027AA1ACC700 49] Android_Mali_G76_Vulkan, [0000027AA10F1500][0000027AA1AD0880 49] Android_Mali_G77, [0000027AA1141C00][0000027AA1AD4A00 49] Android_Mali_G77_Vulkan, [0000027AA10F1200][0000027AA1AD8B80 49] Android_Mali_G78, [0000027AA1142D00][0000027AA1ADCD00 49] Android_Mali_G78_Vulkan, [0000027AA10F1300][0000027AA1A98E40 49] Android_Mali_G710, [0000027AA1142500][0000027AA1AE0F80 49] Android_Mali_G710_Vulkan, [0000027AA10F0800][0000027AA1AE50C0 49] Android_Vulkan_SM5, [0000027AA1143200][0000027AA1AED240 49] Android_PowerVR_G6xxx, [0000027AA10F3C00][0000027AA1AF13C0 49] Android_PowerVR_GT7xxx, [0000027AA1141B00][0000027AA1AF5540 49] Android_PowerVR_GE8xxx, [0000027AA10F2300][0000027AA1AF96C0 49] Android_PowerVR_GM9xxx, [0000027AA1140900][0000027AA1AFD840 49] Android_PowerVR_GM9xxx_Vulkan, [0000027AA1101C00][0000027AA1B019C0 49] Android_TegraK1, [0000027AA1141200][0000027AA1B05B40 49] Android_Unknown_Vulkan, [0000027AA1100200][0000027AA1B08140 49] Lumin, [0000027AA1143B00][0000027AA1B0C2C0 49] Lumin_Desktop, [0000027AA1101E00][0000027AA1B10440 49] HoloLens, 
[2024.04.01-19.16.47:721][  0]LogMeshReduction: Using QuadricMeshReduction for automatic static mesh reduction
[2024.04.01-19.16.47:721][  0]LogMeshReduction: Using SimplygonMeshReduction for automatic skeletal mesh reduction
[2024.04.01-19.16.47:721][  0]LogMeshReduction: Using ProxyLODMeshReduction for automatic mesh merging
[2024.04.01-19.16.47:721][  0]LogMeshReduction: No distributed automatic mesh merging module available
[2024.04.01-19.16.47:721][  0]LogMeshMerging: No distributed automatic mesh merging module available
[2024.04.01-19.16.47:733][  0]LogNetVersion: Tower_Assault 1.0.0, NetCL: 17155196, EngineNetVer: 17, GameNetVer: 0 (Checksum: 694810862)
[2024.04.01-19.16.47:998][  0]LogTexture: Default maximum texture size for cubemaps generated from long-lat sources has been changed from 512 to unlimited. In order to preserve old behaiour for '/Engine/MapTemplates/Sky/DaylightAmbientCubemap.DaylightAmbientCubemap', its maximum texture size has been explicitly set to 512.
[2024.04.01-19.16.48:043][  0]LogHMD: PokeAHoleMaterial loaded successfully
[2024.04.01-19.16.48:048][  0]LogUObjectArray: 17178 objects as part of root set at end of initial load.
[2024.04.01-19.16.48:048][  0]LogUObjectAllocator: 4302048 out of 0 bytes used by permanent object pool.
[2024.04.01-19.16.48:048][  0]LogUObjectArray: CloseDisregardForGC: 0/0 objects in disregard for GC pool
[2024.04.01-19.16.48:329][  0]LogNiagaraDebuggerClient: Niagara Debugger Client Initialized | Session: 6B88D5D34F1F0B14EA3FF89CC2A29C13 | Instance: 248537FE4CF2D43A63B3F2AA3C17988D (DESKTOP-61M1ON8-29676).
[2024.04.01-19.16.48:464][  0]LogPython: Using Python 3.7.7
[2024.04.01-19.16.48:851][  0]LogTcpMessaging: Initializing TcpMessaging bridge
[2024.04.01-19.16.48:855][  0]LogUdpMessaging: Initializing bridge on interface 0.0.0.0:0 to multicast group 230.0.0.1:6666.
[2024.04.01-19.16.49:216][  0]LogOpenImageDenoise: OIDN starting up
[2024.04.01-19.16.49:230][  0]LogAndroidPermission: UAndroidPermissionCallbackProxy::GetInstance
[2024.04.01-19.16.49:251][  0]LogAudioCaptureCore: Display: No Audio Capture implementations found. Audio input will be silent.
[2024.04.01-19.16.49:251][  0]LogAudioCaptureCore: Display: No Audio Capture implementations found. Audio input will be silent.
[2024.04.01-19.16.49:531][  0]SourceControl: El control de código fuente está desactivado
[2024.04.01-19.16.49:531][  0]SourceControl: El control de código fuente está desactivado
[2024.04.01-19.16.49:535][  0]SourceControl: El control de código fuente está desactivado
[2024.04.01-19.16.49:541][  0]SourceControl: El control de código fuente está desactivado
[2024.04.01-19.16.49:548][  0]SourceControl: El control de código fuente está desactivado
[2024.04.01-19.16.49:550][  0]LogUProjectInfo: Found projects:
[2024.04.01-19.16.49:562][  0]LogCollectionManager: Loaded 0 collections in 0.000504 seconds
[2024.04.01-19.16.49:583][  0]LogFileCache: Scanning file cache for directory 'F:/Unreal/Proyecto/Tower-Assault/Tower_Assault/Saved/Collections/' took 0.00s
[2024.04.01-19.16.49:583][  0]LogFileCache: Scanning file cache for directory 'F:/Unreal/Proyecto/Tower-Assault/Tower_Assault/Content/Developers/Julian/Collections/' took 0.00s
[2024.04.01-19.16.49:583][  0]LogFileCache: Scanning file cache for directory 'F:/Unreal/Proyecto/Tower-Assault/Tower_Assault/Content/Collections/' took 0.00s
[2024.04.01-19.16.49:583][  0]LogOcInput: OculusInput pre-init called
[2024.04.01-19.16.49:752][  0]LogEngine: Initializing Engine...
[2024.04.01-19.16.50:834][  0]LogHMD: Failed to enumerate extensions. Please check that you have a valid OpenXR runtime installed.
[2024.04.01-19.16.50:834][  0]LogHMD: Failed to initialize OpenVR with code 110
[2024.04.01-19.16.50:981][  0]LogMagicLeap: Warning: VR disabled because ZI is not enabled.  To enable, in the editor, Edit -> Project Settings -> Plugins -> Magic Leap Plugin -> Enable Zero Iteration
[2024.04.01-19.16.50:982][  0]LogStats: UGameplayTagsManager::InitializeManager -  0.000 s
[2024.04.01-19.16.51:070][  0]LogInit: Initializing FReadOnlyCVARCache
[2024.04.01-19.16.51:078][  0]LogAIModule: Creating AISystem for world Untitled
[2024.04.01-19.16.51:087][  0]LogAudio: Display: Initializing Audio Device Manager...
[2024.04.01-19.16.51:092][  0]LogAudio: Display: Loading Default Audio Settings Objects...
[2024.04.01-19.16.51:093][  0]LogAudio: Display: No default SoundConcurrencyObject specified (or failed to load).
[2024.04.01-19.16.51:093][  0]LogAudio: Display: Audio Device Manager Initialized
[2024.04.01-19.16.51:093][  0]LogAudio: Display: Creating Audio Device:                 Id: 1, Scope: Shared, Realtime: True
[2024.04.01-19.16.51:093][  0]LogAudioMixer: Display: Audio Mixer Platform Settings:
[2024.04.01-19.16.51:093][  0]LogAudioMixer: Display: 	Sample Rate:						  48000
[2024.04.01-19.16.51:093][  0]LogAudioMixer: Display: 	Callback Buffer Frame Size Requested: 1024
[2024.04.01-19.16.51:093][  0]LogAudioMixer: Display: 	Callback Buffer Frame Size To Use:	  1024
[2024.04.01-19.16.51:093][  0]LogAudioMixer: Display: 	Number of buffers to queue:			  2
[2024.04.01-19.16.51:093][  0]LogAudioMixer: Display: 	Max Channels (voices):				  32
[2024.04.01-19.16.51:093][  0]LogAudioMixer: Display: 	Number of Async Source Workers:		  0
[2024.04.01-19.16.51:093][  0]LogAudio: Display: AudioDevice MaxSources: 32
[2024.04.01-19.16.51:093][  0]LogAudio: Display: Audio Spatialization Plugin: None (built-in).
[2024.04.01-19.16.51:093][  0]LogAudio: Display: Audio Reverb Plugin: None (built-in).
[2024.04.01-19.16.51:093][  0]LogAudio: Display: Audio Occlusion Plugin: None (built-in).
[2024.04.01-19.16.51:093][  0]LogAudioMixer: Display: Initializing audio mixer.
[2024.04.01-19.16.51:101][  0]LogAudioMixer: Display: 0: FrontLeft
[2024.04.01-19.16.51:101][  0]LogAudioMixer: Display: 1: FrontRight
[2024.04.01-19.16.51:110][  0]LogAudioMixer: Display: Using Audio Device Audífono de los auriculares con micrófono (Corsair VOID Wireless Gaming Dongle)
[2024.04.01-19.16.51:112][  0]LogAudioMixer: Display: Initializing Sound Submixes...
[2024.04.01-19.16.51:113][  0]LogAudioMixer: Display: Creating Master Submix 'MasterSubmixDefault'
[2024.04.01-19.16.51:113][  0]LogAudioMixer: Display: Creating Master Submix 'MasterReverbSubmixDefault'
[2024.04.01-19.16.51:114][  0]LogAudioMixer: Display: Creating Master Submix 'MasterEQSubmixDefault'
[2024.04.01-19.16.51:114][  0]LogAudioMixer: FMixerPlatformXAudio2::StartAudioStream() called
[2024.04.01-19.16.51:114][  0]LogAudioMixer: Display: Output buffers initialized: Frames=1024, Channels=2, Samples=2048
[2024.04.01-19.16.51:115][  0]LogAudioMixer: Display: Starting AudioMixerPlatformInterface::RunInternal()
[2024.04.01-19.16.51:115][  0]LogAudioMixer: Display: FMixerPlatformXAudio2::SubmitBuffer() called for the first time
[2024.04.01-19.16.51:115][  0]LogInit: FAudioDevice initialized.
[2024.04.01-19.16.51:115][  0]LogAudio: Display: Audio Device (ID: 1) registered with world 'Untitled'.
[2024.04.01-19.16.51:115][  0]LogNetVersion: Set ProjectVersion to 1.0.0.0. Version Checksum will be recalculated on next use.
[2024.04.01-19.16.51:205][  0]LogDerivedDataCache: Saved boot cache 0.09s 94MB C:/Users/Julian/AppData/Local/UnrealEngine/4.27/DerivedDataCache/Boot.ddc.
[2024.04.01-19.16.51:205][  0]LogInit: Texture streaming: Enabled
[2024.04.01-19.16.51:218][  0]LogAnalytics: Display: [UEEditor.Rocket.Release] APIServer = https://datarouter.ol.epicgames.com/. AppVersion = 4.27.2-18319896+++UE4+Release-4.27
[2024.04.01-19.16.51:220][  0]LogEngineSessionManager: EngineSessionManager initialized
[2024.04.01-19.16.51:220][  0]LogEditorSessionSummary: Verbose: Initializing EditorSessionSummaryWriter for editor session tracking
[2024.04.01-19.16.51:222][  0]LogEditorSessionSummary: EditorSessionSummaryWriter initialized
[2024.04.01-19.16.51:245][  0]LogInit: Transaction tracking system initialized
[2024.04.01-19.16.51:265][  0]BlueprintLog: New page: Cargar el editor
[2024.04.01-19.16.51:317][  0]LocalizationService: Localization service is disabled
[2024.04.01-19.16.51:339][  0]TimingProfiler: Initialize
[2024.04.01-19.16.51:339][  0]TimingProfiler: OnSessionChanged
[2024.04.01-19.16.51:339][  0]LoadingProfiler: Initialize
[2024.04.01-19.16.51:339][  0]LoadingProfiler: OnSessionChanged
[2024.04.01-19.16.51:339][  0]NetworkingProfiler: Initialize
[2024.04.01-19.16.51:339][  0]NetworkingProfiler: OnSessionChanged
[2024.04.01-19.16.51:339][  0]MemoryProfiler: Initialize
[2024.04.01-19.16.51:339][  0]MemoryProfiler: OnSessionChanged
[2024.04.01-19.16.51:955][  0]LogCook: Display: CookSettings for Memory: MemoryMaxUsedVirtual 0MiB, MemoryMaxUsedPhysical 16384MiB, MemoryMinFreeVirtual 0MiB, MemoryMinFreePhysical 1024MiB
[2024.04.01-19.16.51:955][  0]LogCook: Display: Mobile HDR setting 1
[2024.04.01-19.16.52:110][  0]LogFileCache: Scanning file cache for directory 'F:/Unreal/Proyecto/Tower-Assault/Tower_Assault/Content/' took 0.01s
[2024.04.01-19.16.52:235][  0]LogInit: Display: Engine is initialized. Leaving FEngineLoop::Init()
[2024.04.01-19.16.52:237][  0]SourceControl: El control de código fuente está desactivado
[2024.04.01-19.16.52:238][  0]LogUnrealEdMisc: Loading editor; pre map load, took 7.085
[2024.04.01-19.16.52:238][  0]Cmd: MAP LOAD FILE="../../../../Proyecto/Tower-Assault/Tower_Assault/Content/FirstPersonBP/Maps/FirstPersonExampleMap.umap" TEMPLATE=0 SHOWPROGRESS=1 FEATURELEVEL=3
[2024.04.01-19.16.52:241][  0]LightingResults: New page: Diseñar la iluminación
[2024.04.01-19.16.52:242][  0]LogWorld: UWorld::CleanupWorld for Untitled, bSessionEnded=true, bCleanupResources=true
[2024.04.01-19.16.52:242][  0]LogSlate: InvalidateAllWidgets triggered.  All widgets were invalidated
[2024.04.01-19.16.52:242][  0]MapCheck: New page: Revisión del mapa
[2024.04.01-19.16.52:242][  0]LightingResults: New page: Diseñar la iluminación
[2024.04.01-19.16.53:642][  0]LogAudio: Display: Audio Device unregistered from world 'None'.
[2024.04.01-19.16.53:644][  0]LogUObjectHash: Compacting FUObjectHashTables data took   0.78ms
[2024.04.01-19.16.59:531][  0]LogStaticMesh: Generando la malla estática FirstPersonProjectileMesh...
[2024.04.01-19.17.00:026][  0]LogStaticMesh: Built static mesh [0.49s] /Game/TowerAssault/Characters/FirstPerson/Meshes/FirstPersonProjectileMesh.FirstPersonProjectileMesh
[2024.04.01-19.17.00:941][  0]LogAudio: Display: Audio Device (ID: 1) registered with world 'FirstPersonExampleMap'.
[2024.04.01-19.17.00:941][  0]LogAIModule: Creating AISystem for world FirstPersonExampleMap
[2024.04.01-19.17.02:584][  0]LogEditorServer: Finished looking for orphan Actors (0.000 secs)
[2024.04.01-19.17.03:462][  0]LogUObjectHash: Compacting FUObjectHashTables data took   0.72ms
[2024.04.01-19.17.03:463][  0]Cmd: MAP CHECKDEP NOCLEARLOG
[2024.04.01-19.17.03:463][  0]MapCheck: Map check complete: 0 Error(s), 0 Warning(s), took 0,066ms to complete.
[2024.04.01-19.17.03:463][  0]LogFileHelpers: Loading map 'FirstPersonExampleMap' took 11.229
[2024.04.01-19.17.03:464][  0]LogUnrealEdMisc: Total Editor Startup Time, took 18.315
[2024.04.01-19.17.06:152][  0]LogSlate: Updating window title bar state: overlay mode, drag disabled, window buttons hidden, title bar hidden
[2024.04.01-19.17.06:205][  0]LogSlate: Updating window title bar state: overlay mode, drag disabled, window buttons hidden, title bar hidden
[2024.04.01-19.17.06:209][  0]LogSlate: Updating window title bar state: overlay mode, drag disabled, window buttons hidden, title bar hidden
[2024.04.01-19.17.06:213][  0]LogSlate: Updating window title bar state: overlay mode, drag disabled, window buttons hidden, title bar hidden
[2024.04.01-19.17.07:368][  0]LogNativeClassHierarchy: Verbose: Native class hierarchy populated in 0.0208 seconds. Added 3822 classes and 928 folders.
[2024.04.01-19.17.07:410][  0]LogNativeClassHierarchy: Verbose: Native class hierarchy updated for 'WidgetCarousel' in 0.0003 seconds. Added 0 classes and 0 folders.
[2024.04.01-19.17.07:557][  0]LogPakFile: PakFile PrimaryIndexSize=187
[2024.04.01-19.17.07:557][  0]LogPakFile: PakFile PathHashIndexSize=101
[2024.04.01-19.17.07:557][  0]LogPakFile: PakFile FullDirectoryIndexSize=148
[2024.04.01-19.17.07:557][  0]LogShaderLibrary: Display: ShaderCodeLibraryPakFileMountedCallback: PakFile 'F:/Unreal/UE_4.27/FeaturePacks/FP_FirstPerson.upack' (chunk index -1, root 'root:/') mounted
[2024.04.01-19.17.07:557][  0]LogShaderLibrary: Display: ShaderCodeLibraryPakFileMountedCallback: pending pak file info (ChunkID:-1 Root:root:/ File:F:/Unreal/UE_4.27/FeaturePacks/FP_FirstPerson.upack)
[2024.04.01-19.17.07:557][  0]LogPakFile: OnPakFileMounted2Time == 0.000061
[2024.04.01-19.17.07:571][  0]LogPakFile: PakFile PrimaryIndexSize=189
[2024.04.01-19.17.07:571][  0]LogPakFile: PakFile PathHashIndexSize=101
[2024.04.01-19.17.07:571][  0]LogPakFile: PakFile FullDirectoryIndexSize=152
[2024.04.01-19.17.07:571][  0]LogShaderLibrary: Display: ShaderCodeLibraryPakFileMountedCallback: PakFile 'F:/Unreal/UE_4.27/FeaturePacks/FP_FirstPersonBP.upack' (chunk index -1, root 'root:/') mounted
[2024.04.01-19.17.07:571][  0]LogShaderLibrary: Display: ShaderCodeLibraryPakFileMountedCallback: pending pak file info (ChunkID:-1 Root:root:/ File:F:/Unreal/UE_4.27/FeaturePacks/FP_FirstPersonBP.upack)
[2024.04.01-19.17.07:571][  0]LogPakFile: OnPakFileMounted2Time == 0.000034
[2024.04.01-19.17.07:648][  0]LogPakFile: PakFile PrimaryIndexSize=191
[2024.04.01-19.17.07:648][  0]LogPakFile: PakFile PathHashIndexSize=101
[2024.04.01-19.17.07:648][  0]LogPakFile: PakFile FullDirectoryIndexSize=160
[2024.04.01-19.17.07:648][  0]LogShaderLibrary: Display: ShaderCodeLibraryPakFileMountedCallback: PakFile 'F:/Unreal/UE_4.27/FeaturePacks/MobileStarterContent.upack' (chunk index -1, root 'root:/') mounted
[2024.04.01-19.17.07:648][  0]LogShaderLibrary: Display: ShaderCodeLibraryPakFileMountedCallback: pending pak file info (ChunkID:-1 Root:root:/ File:F:/Unreal/UE_4.27/FeaturePacks/MobileStarterContent.upack)
[2024.04.01-19.17.07:648][  0]LogPakFile: OnPakFileMounted2Time == 0.000035
[2024.04.01-19.17.07:653][  0]LogPakFile: PakFile PrimaryIndexSize=185
[2024.04.01-19.17.07:653][  0]LogPakFile: PakFile PathHashIndexSize=101
[2024.04.01-19.17.07:653][  0]LogPakFile: PakFile FullDirectoryIndexSize=148
[2024.04.01-19.17.07:653][  0]LogShaderLibrary: Display: ShaderCodeLibraryPakFileMountedCallback: PakFile 'F:/Unreal/UE_4.27/FeaturePacks/StarterContent.upack' (chunk index -1, root 'root:/') mounted
[2024.04.01-19.17.07:653][  0]LogShaderLibrary: Display: ShaderCodeLibraryPakFileMountedCallback: pending pak file info (ChunkID:-1 Root:root:/ File:F:/Unreal/UE_4.27/FeaturePacks/StarterContent.upack)
[2024.04.01-19.17.07:653][  0]LogPakFile: OnPakFileMounted2Time == 0.000035
[2024.04.01-19.17.07:669][  0]LogPakFile: PakFile PrimaryIndexSize=190
[2024.04.01-19.17.07:670][  0]LogPakFile: PakFile PathHashIndexSize=101
[2024.04.01-19.17.07:670][  0]LogPakFile: PakFile FullDirectoryIndexSize=154
[2024.04.01-19.17.07:670][  0]LogShaderLibrary: Display: ShaderCodeLibraryPakFileMountedCallback: PakFile 'F:/Unreal/UE_4.27/FeaturePacks/TP_2DSideScroller.upack' (chunk index -1, root 'root:/') mounted
[2024.04.01-19.17.07:670][  0]LogShaderLibrary: Display: ShaderCodeLibraryPakFileMountedCallback: pending pak file info (ChunkID:-1 Root:root:/ File:F:/Unreal/UE_4.27/FeaturePacks/TP_2DSideScroller.upack)
[2024.04.01-19.17.07:670][  0]LogPakFile: OnPakFileMounted2Time == 0.000032
[2024.04.01-19.17.07:681][  0]LogPakFile: PakFile PrimaryIndexSize=192
[2024.04.01-19.17.07:681][  0]LogPakFile: PakFile PathHashIndexSize=101
[2024.04.01-19.17.07:681][  0]LogPakFile: PakFile FullDirectoryIndexSize=158
[2024.04.01-19.17.07:681][  0]LogShaderLibrary: Display: ShaderCodeLibraryPakFileMountedCallback: PakFile 'F:/Unreal/UE_4.27/FeaturePacks/TP_2DSideScrollerBP.upack' (chunk index -1, root 'root:/') mounted
[2024.04.01-19.17.07:681][  0]LogShaderLibrary: Display: ShaderCodeLibraryPakFileMountedCallback: pending pak file info (ChunkID:-1 Root:root:/ File:F:/Unreal/UE_4.27/FeaturePacks/TP_2DSideScrollerBP.upack)
[2024.04.01-19.17.07:681][  0]LogPakFile: OnPakFileMounted2Time == 0.000034
[2024.04.01-19.17.07:738][  0]LogPakFile: PakFile PrimaryIndexSize=182
[2024.04.01-19.17.07:738][  0]LogPakFile: PakFile PathHashIndexSize=101
[2024.04.01-19.17.07:738][  0]LogPakFile: PakFile FullDirectoryIndexSize=138
[2024.04.01-19.17.07:738][  0]LogShaderLibrary: Display: ShaderCodeLibraryPakFileMountedCallback: PakFile 'F:/Unreal/UE_4.27/FeaturePacks/TP_Flying.upack' (chunk index -1, root 'root:/') mounted
[2024.04.01-19.17.07:738][  0]LogShaderLibrary: Display: ShaderCodeLibraryPakFileMountedCallback: pending pak file info (ChunkID:-1 Root:root:/ File:F:/Unreal/UE_4.27/FeaturePacks/TP_Flying.upack)
[2024.04.01-19.17.07:738][  0]LogPakFile: OnPakFileMounted2Time == 0.000032
[2024.04.01-19.17.07:947][  0]LogPakFile: PakFile PrimaryIndexSize=184
[2024.04.01-19.17.07:947][  0]LogPakFile: PakFile PathHashIndexSize=101
[2024.04.01-19.17.07:947][  0]LogPakFile: PakFile FullDirectoryIndexSize=142
[2024.04.01-19.17.07:947][  0]LogShaderLibrary: Display: ShaderCodeLibraryPakFileMountedCallback: PakFile 'F:/Unreal/UE_4.27/FeaturePacks/TP_FlyingBP.upack' (chunk index -1, root 'root:/') mounted
[2024.04.01-19.17.07:947][  0]LogShaderLibrary: Display: ShaderCodeLibraryPakFileMountedCallback: pending pak file info (ChunkID:-1 Root:root:/ File:F:/Unreal/UE_4.27/FeaturePacks/TP_FlyingBP.upack)
[2024.04.01-19.17.07:947][  0]LogPakFile: OnPakFileMounted2Time == 0.000042
[2024.04.01-19.17.07:990][  0]LogPakFile: PakFile PrimaryIndexSize=188
[2024.04.01-19.17.07:991][  0]LogPakFile: PakFile PathHashIndexSize=101
[2024.04.01-19.17.07:991][  0]LogPakFile: PakFile FullDirectoryIndexSize=150
[2024.04.01-19.17.07:991][  0]LogShaderLibrary: Display: ShaderCodeLibraryPakFileMountedCallback: PakFile 'F:/Unreal/UE_4.27/FeaturePacks/TP_HandheldARBP.upack' (chunk index -1, root 'root:/') mounted
[2024.04.01-19.17.07:991][  0]LogShaderLibrary: Display: ShaderCodeLibraryPakFileMountedCallback: pending pak file info (ChunkID:-1 Root:root:/ File:F:/Unreal/UE_4.27/FeaturePacks/TP_HandheldARBP.upack)
[2024.04.01-19.17.07:991][  0]LogPakFile: OnPakFileMounted2Time == 0.000037
[2024.04.01-19.17.08:027][  0]LogPakFile: PakFile PrimaryIndexSize=182
[2024.04.01-19.17.08:027][  0]LogPakFile: PakFile PathHashIndexSize=101
[2024.04.01-19.17.08:027][  0]LogPakFile: PakFile FullDirectoryIndexSize=138
[2024.04.01-19.17.08:027][  0]LogShaderLibrary: Display: ShaderCodeLibraryPakFileMountedCallback: PakFile 'F:/Unreal/UE_4.27/FeaturePacks/TP_Puzzle.upack' (chunk index -1, root 'root:/') mounted
[2024.04.01-19.17.08:027][  0]LogShaderLibrary: Display: ShaderCodeLibraryPakFileMountedCallback: pending pak file info (ChunkID:-1 Root:root:/ File:F:/Unreal/UE_4.27/FeaturePacks/TP_Puzzle.upack)
[2024.04.01-19.17.08:027][  0]LogPakFile: OnPakFileMounted2Time == 0.000028
[2024.04.01-19.17.08:041][  0]LogPakFile: PakFile PrimaryIndexSize=184
[2024.04.01-19.17.08:041][  0]LogPakFile: PakFile PathHashIndexSize=101
[2024.04.01-19.17.08:041][  0]LogPakFile: PakFile FullDirectoryIndexSize=142
[2024.04.01-19.17.08:041][  0]LogShaderLibrary: Display: ShaderCodeLibraryPakFileMountedCallback: PakFile 'F:/Unreal/UE_4.27/FeaturePacks/TP_PuzzleBP.upack' (chunk index -1, root 'root:/') mounted
[2024.04.01-19.17.08:041][  0]LogShaderLibrary: Display: ShaderCodeLibraryPakFileMountedCallback: pending pak file info (ChunkID:-1 Root:root:/ File:F:/Unreal/UE_4.27/FeaturePacks/TP_PuzzleBP.upack)
[2024.04.01-19.17.08:041][  0]LogPakFile: OnPakFileMounted2Time == 0.000026
[2024.04.01-19.17.08:050][  0]LogPakFile: PakFile PrimaryIndexSize=183
[2024.04.01-19.17.08:050][  0]LogPakFile: PakFile PathHashIndexSize=101
[2024.04.01-19.17.08:050][  0]LogPakFile: PakFile FullDirectoryIndexSize=140
[2024.04.01-19.17.08:051][  0]LogShaderLibrary: Display: ShaderCodeLibraryPakFileMountedCallback: PakFile 'F:/Unreal/UE_4.27/FeaturePacks/TP_Rolling.upack' (chunk index -1, root 'root:/') mounted
[2024.04.01-19.17.08:051][  0]LogShaderLibrary: Display: ShaderCodeLibraryPakFileMountedCallback: pending pak file info (ChunkID:-1 Root:root:/ File:F:/Unreal/UE_4.27/FeaturePacks/TP_Rolling.upack)
[2024.04.01-19.17.08:051][  0]LogPakFile: OnPakFileMounted2Time == 0.000031
[2024.04.01-19.17.08:066][  0]LogPakFile: PakFile PrimaryIndexSize=185
[2024.04.01-19.17.08:066][  0]LogPakFile: PakFile PathHashIndexSize=101
[2024.04.01-19.17.08:066][  0]LogPakFile: PakFile FullDirectoryIndexSize=144
[2024.04.01-19.17.08:066][  0]LogShaderLibrary: Display: ShaderCodeLibraryPakFileMountedCallback: PakFile 'F:/Unreal/UE_4.27/FeaturePacks/TP_RollingBP.upack' (chunk index -1, root 'root:/') mounted
[2024.04.01-19.17.08:066][  0]LogShaderLibrary: Display: ShaderCodeLibraryPakFileMountedCallback: pending pak file info (ChunkID:-1 Root:root:/ File:F:/Unreal/UE_4.27/FeaturePacks/TP_RollingBP.upack)
[2024.04.01-19.17.08:066][  0]LogPakFile: OnPakFileMounted2Time == 0.000031
[2024.04.01-19.17.08:080][  0]LogPakFile: PakFile PrimaryIndexSize=188
[2024.04.01-19.17.08:080][  0]LogPakFile: PakFile PathHashIndexSize=101
[2024.04.01-19.17.08:080][  0]LogPakFile: PakFile FullDirectoryIndexSize=150
[2024.04.01-19.17.08:080][  0]LogShaderLibrary: Display: ShaderCodeLibraryPakFileMountedCallback: PakFile 'F:/Unreal/UE_4.27/FeaturePacks/TP_SideScroller.upack' (chunk index -1, root 'root:/') mounted
[2024.04.01-19.17.08:080][  0]LogShaderLibrary: Display: ShaderCodeLibraryPakFileMountedCallback: pending pak file info (ChunkID:-1 Root:root:/ File:F:/Unreal/UE_4.27/FeaturePacks/TP_SideScroller.upack)
[2024.04.01-19.17.08:080][  0]LogPakFile: OnPakFileMounted2Time == 0.000034
[2024.04.01-19.17.08:094][  0]LogPakFile: PakFile PrimaryIndexSize=190
[2024.04.01-19.17.08:094][  0]LogPakFile: PakFile PathHashIndexSize=101
[2024.04.01-19.17.08:094][  0]LogPakFile: PakFile FullDirectoryIndexSize=154
[2024.04.01-19.17.08:094][  0]LogShaderLibrary: Display: ShaderCodeLibraryPakFileMountedCallback: PakFile 'F:/Unreal/UE_4.27/FeaturePacks/TP_SideScrollerBP.upack' (chunk index -1, root 'root:/') mounted
[2024.04.01-19.17.08:094][  0]LogShaderLibrary: Display: ShaderCodeLibraryPakFileMountedCallback: pending pak file info (ChunkID:-1 Root:root:/ File:F:/Unreal/UE_4.27/FeaturePacks/TP_SideScrollerBP.upack)
[2024.04.01-19.17.08:094][  0]LogPakFile: OnPakFileMounted2Time == 0.000031
[2024.04.01-19.17.08:104][  0]LogPakFile: PakFile PrimaryIndexSize=187
[2024.04.01-19.17.08:104][  0]LogPakFile: PakFile PathHashIndexSize=101
[2024.04.01-19.17.08:104][  0]LogPakFile: PakFile FullDirectoryIndexSize=148
[2024.04.01-19.17.08:104][  0]LogShaderLibrary: Display: ShaderCodeLibraryPakFileMountedCallback: PakFile 'F:/Unreal/UE_4.27/FeaturePacks/TP_ThirdPerson.upack' (chunk index -1, root 'root:/') mounted
[2024.04.01-19.17.08:104][  0]LogShaderLibrary: Display: ShaderCodeLibraryPakFileMountedCallback: pending pak file info (ChunkID:-1 Root:root:/ File:F:/Unreal/UE_4.27/FeaturePacks/TP_ThirdPerson.upack)
[2024.04.01-19.17.08:104][  0]LogPakFile: OnPakFileMounted2Time == 0.000029
[2024.04.01-19.17.08:112][  0]LogPakFile: PakFile PrimaryIndexSize=189
[2024.04.01-19.17.08:112][  0]LogPakFile: PakFile PathHashIndexSize=101
[2024.04.01-19.17.08:112][  0]LogPakFile: PakFile FullDirectoryIndexSize=152
[2024.04.01-19.17.08:112][  0]LogShaderLibrary: Display: ShaderCodeLibraryPakFileMountedCallback: PakFile 'F:/Unreal/UE_4.27/FeaturePacks/TP_ThirdPersonBP.upack' (chunk index -1, root 'root:/') mounted
[2024.04.01-19.17.08:112][  0]LogShaderLibrary: Display: ShaderCodeLibraryPakFileMountedCallback: pending pak file info (ChunkID:-1 Root:root:/ File:F:/Unreal/UE_4.27/FeaturePacks/TP_ThirdPersonBP.upack)
[2024.04.01-19.17.08:112][  0]LogPakFile: OnPakFileMounted2Time == 0.000029
[2024.04.01-19.17.08:123][  0]LogPakFile: PakFile PrimaryIndexSize=183
[2024.04.01-19.17.08:123][  0]LogPakFile: PakFile PathHashIndexSize=101
[2024.04.01-19.17.08:123][  0]LogPakFile: PakFile FullDirectoryIndexSize=140
[2024.04.01-19.17.08:123][  0]LogShaderLibrary: Display: ShaderCodeLibraryPakFileMountedCallback: PakFile 'F:/Unreal/UE_4.27/FeaturePacks/TP_TopDown.upack' (chunk index -1, root 'root:/') mounted
[2024.04.01-19.17.08:123][  0]LogShaderLibrary: Display: ShaderCodeLibraryPakFileMountedCallback: pending pak file info (ChunkID:-1 Root:root:/ File:F:/Unreal/UE_4.27/FeaturePacks/TP_TopDown.upack)
[2024.04.01-19.17.08:123][  0]LogPakFile: OnPakFileMounted2Time == 0.000038
[2024.04.01-19.17.08:134][  0]LogPakFile: PakFile PrimaryIndexSize=185
[2024.04.01-19.17.08:134][  0]LogPakFile: PakFile PathHashIndexSize=101
[2024.04.01-19.17.08:134][  0]LogPakFile: PakFile FullDirectoryIndexSize=144
[2024.04.01-19.17.08:134][  0]LogShaderLibrary: Display: ShaderCodeLibraryPakFileMountedCallback: PakFile 'F:/Unreal/UE_4.27/FeaturePacks/TP_TopDownBP.upack' (chunk index -1, root 'root:/') mounted
[2024.04.01-19.17.08:134][  0]LogShaderLibrary: Display: ShaderCodeLibraryPakFileMountedCallback: pending pak file info (ChunkID:-1 Root:root:/ File:F:/Unreal/UE_4.27/FeaturePacks/TP_TopDownBP.upack)
[2024.04.01-19.17.08:134][  0]LogPakFile: OnPakFileMounted2Time == 0.000025
[2024.04.01-19.17.08:141][  0]LogPakFile: PakFile PrimaryIndexSize=185
[2024.04.01-19.17.08:141][  0]LogPakFile: PakFile PathHashIndexSize=101
[2024.04.01-19.17.08:141][  0]LogPakFile: PakFile FullDirectoryIndexSize=144
[2024.04.01-19.17.08:141][  0]LogShaderLibrary: Display: ShaderCodeLibraryPakFileMountedCallback: PakFile 'F:/Unreal/UE_4.27/FeaturePacks/TP_TwinStick.upack' (chunk index -1, root 'root:/') mounted
[2024.04.01-19.17.08:141][  0]LogShaderLibrary: Display: ShaderCodeLibraryPakFileMountedCallback: pending pak file info (ChunkID:-1 Root:root:/ File:F:/Unreal/UE_4.27/FeaturePacks/TP_TwinStick.upack)
[2024.04.01-19.17.08:141][  0]LogPakFile: OnPakFileMounted2Time == 0.000029
[2024.04.01-19.17.08:216][  0]LogPakFile: PakFile PrimaryIndexSize=187
[2024.04.01-19.17.08:216][  0]LogPakFile: PakFile PathHashIndexSize=101
[2024.04.01-19.17.08:216][  0]LogPakFile: PakFile FullDirectoryIndexSize=148
[2024.04.01-19.17.08:216][  0]LogShaderLibrary: Display: ShaderCodeLibraryPakFileMountedCallback: PakFile 'F:/Unreal/UE_4.27/FeaturePacks/TP_TwinStickBP.upack' (chunk index -1, root 'root:/') mounted
[2024.04.01-19.17.08:217][  0]LogShaderLibrary: Display: ShaderCodeLibraryPakFileMountedCallback: pending pak file info (ChunkID:-1 Root:root:/ File:F:/Unreal/UE_4.27/FeaturePacks/TP_TwinStickBP.upack)
[2024.04.01-19.17.08:217][  0]LogPakFile: OnPakFileMounted2Time == 0.000044
[2024.04.01-19.17.08:227][  0]LogPakFile: PakFile PrimaryIndexSize=183
[2024.04.01-19.17.08:227][  0]LogPakFile: PakFile PathHashIndexSize=101
[2024.04.01-19.17.08:227][  0]LogPakFile: PakFile FullDirectoryIndexSize=140
[2024.04.01-19.17.08:227][  0]LogShaderLibrary: Display: ShaderCodeLibraryPakFileMountedCallback: PakFile 'F:/Unreal/UE_4.27/FeaturePacks/TP_Vehicle.upack' (chunk index -1, root 'root:/') mounted
[2024.04.01-19.17.08:227][  0]LogShaderLibrary: Display: ShaderCodeLibraryPakFileMountedCallback: pending pak file info (ChunkID:-1 Root:root:/ File:F:/Unreal/UE_4.27/FeaturePacks/TP_Vehicle.upack)
[2024.04.01-19.17.08:227][  0]LogPakFile: OnPakFileMounted2Time == 0.000030
[2024.04.01-19.17.08:243][  0]LogPakFile: PakFile PrimaryIndexSize=186
[2024.04.01-19.17.08:243][  0]LogPakFile: PakFile PathHashIndexSize=101
[2024.04.01-19.17.08:243][  0]LogPakFile: PakFile FullDirectoryIndexSize=146
[2024.04.01-19.17.08:243][  0]LogShaderLibrary: Display: ShaderCodeLibraryPakFileMountedCallback: PakFile 'F:/Unreal/UE_4.27/FeaturePacks/TP_VehicleAdv.upack' (chunk index -1, root 'root:/') mounted
[2024.04.01-19.17.08:243][  0]LogShaderLibrary: Display: ShaderCodeLibraryPakFileMountedCallback: pending pak file info (ChunkID:-1 Root:root:/ File:F:/Unreal/UE_4.27/FeaturePacks/TP_VehicleAdv.upack)
[2024.04.01-19.17.08:244][  0]LogPakFile: OnPakFileMounted2Time == 0.000038
[2024.04.01-19.17.08:253][  0]LogPakFile: PakFile PrimaryIndexSize=188
[2024.04.01-19.17.08:253][  0]LogPakFile: PakFile PathHashIndexSize=101
[2024.04.01-19.17.08:253][  0]LogPakFile: PakFile FullDirectoryIndexSize=150
[2024.04.01-19.17.08:253][  0]LogShaderLibrary: Display: ShaderCodeLibraryPakFileMountedCallback: PakFile 'F:/Unreal/UE_4.27/FeaturePacks/TP_VehicleAdvBP.upack' (chunk index -1, root 'root:/') mounted
[2024.04.01-19.17.08:253][  0]LogShaderLibrary: Display: ShaderCodeLibraryPakFileMountedCallback: pending pak file info (ChunkID:-1 Root:root:/ File:F:/Unreal/UE_4.27/FeaturePacks/TP_VehicleAdvBP.upack)
[2024.04.01-19.17.08:253][  0]LogPakFile: OnPakFileMounted2Time == 0.000036
[2024.04.01-19.17.08:257][  0]LogPakFile: PakFile PrimaryIndexSize=185
[2024.04.01-19.17.08:257][  0]LogPakFile: PakFile PathHashIndexSize=101
[2024.04.01-19.17.08:257][  0]LogPakFile: PakFile FullDirectoryIndexSize=144
[2024.04.01-19.17.08:257][  0]LogShaderLibrary: Display: ShaderCodeLibraryPakFileMountedCallback: PakFile 'F:/Unreal/UE_4.27/FeaturePacks/TP_VehicleBP.upack' (chunk index -1, root 'root:/') mounted
[2024.04.01-19.17.08:257][  0]LogShaderLibrary: Display: ShaderCodeLibraryPakFileMountedCallback: pending pak file info (ChunkID:-1 Root:root:/ File:F:/Unreal/UE_4.27/FeaturePacks/TP_VehicleBP.upack)
[2024.04.01-19.17.08:257][  0]LogPakFile: OnPakFileMounted2Time == 0.000032
[2024.04.01-19.17.08:264][  0]LogPakFile: PakFile PrimaryIndexSize=192
[2024.04.01-19.17.08:264][  0]LogPakFile: PakFile PathHashIndexSize=101
[2024.04.01-19.17.08:264][  0]LogPakFile: PakFile FullDirectoryIndexSize=158
[2024.04.01-19.17.08:264][  0]LogShaderLibrary: Display: ShaderCodeLibraryPakFileMountedCallback: PakFile 'F:/Unreal/UE_4.27/FeaturePacks/TP_VirtualRealityBP.upack' (chunk index -1, root 'root:/') mounted
[2024.04.01-19.17.08:264][  0]LogShaderLibrary: Display: ShaderCodeLibraryPakFileMountedCallback: pending pak file info (ChunkID:-1 Root:root:/ File:F:/Unreal/UE_4.27/FeaturePacks/TP_VirtualRealityBP.upack)
[2024.04.01-19.17.08:264][  0]LogPakFile: OnPakFileMounted2Time == 0.000031
[2024.04.01-19.17.08:931][  0]LogNativeClassHierarchy: Verbose: Native class hierarchy updated for 'AddContentDialog' in 0.0003 seconds. Added 0 classes and 0 folders.
[2024.04.01-19.17.08:952][  0]LogNativeClassHierarchy: Verbose: Native class hierarchy updated for 'SceneOutliner' in 0.0003 seconds. Added 2 classes and 0 folders.
[2024.04.01-19.17.09:368][  0]LogSlate: Took 0.000123 seconds to synchronously load lazily loaded font '../../../Engine/Content/Slate/Fonts/Roboto-Regular.ttf' (155K)
[2024.04.01-19.17.09:402][  0]LogSlate: Took 0.032579 seconds to synchronously load lazily loaded font '../../../Engine/Content/Editor/Slate/Fonts/FontAwesome.ttf' (139K)
[2024.04.01-19.17.09:406][  0]LogSlate: Took 0.000112 seconds to synchronously load lazily loaded font '../../../Engine/Content/Slate/Fonts/Roboto-Bold.ttf' (160K)
[2024.04.01-19.17.09:741][  0]LogRenderer: Reallocating scene render targets to support 1208x568 Format 10 NumSamples 1 (Frame:1).
[2024.04.01-19.17.10:157][  0]LogNativeClassHierarchy: Verbose: Native class hierarchy updated for 'HierarchicalLODOutliner' in 0.0003 seconds. Added 0 classes and 0 folders.
[2024.04.01-19.17.10:157][  0]LogLoad: (Engine Initialization) Total time: 25.01 seconds
[2024.04.01-19.17.10:157][  0]LogLoad: (Engine Initialization) Total Blueprint compile time: 0.00 seconds
[2024.04.01-19.17.10:205][  0]LogAssetRegistry: Asset discovery search completed in 22.7719 seconds
[2024.04.01-19.17.10:209][  0]LogCollectionManager: Fixed up redirectors for 0 collections in 0.000003 seconds (updated 0 objects)
[2024.04.01-19.17.10:253][  0]LogContentStreaming: Texture pool size now 1000 MB
[2024.04.01-19.17.10:368][  2]LogSlate: Took 0.020572 seconds to synchronously load lazily loaded font '../../../Engine/Content/Slate/Fonts/Roboto-Light.ttf' (167K)
